<?xml version="1.0" encoding="UTF-8"?>
<testng-results skipped="0" failed="0" ignored="4" total="43" passed="39">
  <reporter-output>
    <line>
      <![CDATA[Extent Report Directory/Users/jenniferstephen/ComWebAutomationGroup7/Amazon/target/surefire-reports/html]]>
    </line>
  </reporter-output>
  <suite name="Command line suite" duration-ms="260307" started-at="2019-03-26T20:20:34Z" finished-at="2019-03-26T20:24:54Z">
    <groups>
    </groups>
    <test name="Command line test" duration-ms="260307" started-at="2019-03-26T20:20:34Z" finished-at="2019-03-26T20:24:54Z">
      <class name="TestHomePage.TestAmazonHomePageSignin">
        <test-method status="PASS" signature="extentSetup(org.testng.ITestContext)[pri:0, instance:TestHomePage.TestAmazonHomePageSignin@7225790e]" name="extentSetup" is-config="true" duration-ms="127" started-at="2019-03-26T20:20:34Z" finished-at="2019-03-26T20:20:34Z">
          <params>
            <param index="0">
              <value>
                <![CDATA[org.testng.TestRunner@12abcd1e]]>
              </value>
            </param>
          </params>
          <reporter-output>
            <line>
              <![CDATA[Extent Report Directory/Users/jenniferstephen/ComWebAutomationGroup7/Amazon/target/surefire-reports/html]]>
            </line>
          </reporter-output>
        </test-method> <!-- extentSetup -->
        <test-method status="PASS" signature="setUp(boolean, java.lang.String, java.lang.String, java.lang.String, java.lang.String, java.lang.String, java.lang.String)[pri:0, instance:TestHomePage.TestAmazonHomePageSignin@7225790e]" name="setUp" is-config="true" duration-ms="2585" started-at="2019-03-26T20:20:34Z" finished-at="2019-03-26T20:20:36Z">
          <params>
            <param index="0">
              <value>
                <![CDATA[false]]>
              </value>
            </param>
            <param index="1">
              <value>
                <![CDATA[false]]>
              </value>
            </param>
            <param index="2">
              <value>
                <![CDATA[OS X]]>
              </value>
            </param>
            <param index="3">
              <value>
                <![CDATA[10]]>
              </value>
            </param>
            <param index="4">
              <value>
                <![CDATA[chrome-options]]>
              </value>
            </param>
            <param index="5">
              <value>
                <![CDATA[34]]>
              </value>
            </param>
            <param index="6">
              <value>
                <![CDATA[http://www.amazon.com]]>
              </value>
            </param>
          </params>
          <reporter-output>
          </reporter-output>
        </test-method> <!-- setUp -->
        <test-method status="PASS" signature="startExtent(java.lang.reflect.Method)[pri:0, instance:TestHomePage.TestAmazonHomePageSignin@7225790e]" name="startExtent" is-config="true" duration-ms="6" started-at="2019-03-26T20:20:36Z" finished-at="2019-03-26T20:20:36Z">
          <params>
            <param index="0">
              <value>
                <![CDATA[public void TestHomePage.TestAmazonHomePageSignin.setOpenPageLogin()]]>
              </value>
            </param>
          </params>
          <reporter-output>
          </reporter-output>
        </test-method> <!-- startExtent -->
        <test-method status="PASS" signature="initialize()[pri:0, instance:TestHomePage.TestAmazonHomePageSignin@7225790e]" name="initialize" is-config="true" duration-ms="1145" started-at="2019-03-26T20:20:36Z" finished-at="2019-03-26T20:20:38Z">
          <reporter-output>
          </reporter-output>
        </test-method> <!-- initialize -->
        <test-method status="PASS" signature="setOpenPageLogin()[pri:0, instance:TestHomePage.TestAmazonHomePageSignin@7225790e]" name="setOpenPageLogin" duration-ms="4141" started-at="2019-03-26T20:20:38Z" finished-at="2019-03-26T20:20:42Z">
          <reporter-output>
          </reporter-output>
        </test-method> <!-- setOpenPageLogin -->
        <test-method status="PASS" signature="afterEachTestMethod(org.testng.ITestResult)[pri:0, instance:TestHomePage.TestAmazonHomePageSignin@7225790e]" name="afterEachTestMethod" is-config="true" duration-ms="320" started-at="2019-03-26T20:20:42Z" finished-at="2019-03-26T20:20:42Z">
          <params>
            <param index="0">
              <value>
                <![CDATA[[TestResult name=setOpenPageLogin status=SUCCESS method=TestAmazonHomePageSignin.setOpenPageLogin()[pri:0, instance:TestHomePage.TestAmazonHomePageSignin@7225790e] output={null}]]]>
              </value>
            </param>
          </params>
          <reporter-output>
          </reporter-output>
        </test-method> <!-- afterEachTestMethod -->
        <test-method status="PASS" signature="cleanUp()[pri:0, instance:TestHomePage.TestAmazonHomePageSignin@7225790e]" name="cleanUp" is-config="true" duration-ms="0" started-at="2019-03-26T20:20:42Z" finished-at="2019-03-26T20:20:42Z">
          <reporter-output>
          </reporter-output>
        </test-method> <!-- cleanUp -->
        <test-method status="PASS" signature="setUp(boolean, java.lang.String, java.lang.String, java.lang.String, java.lang.String, java.lang.String, java.lang.String)[pri:0, instance:TestHomePage.TestAmazonHomePageSignin@7225790e]" name="setUp" is-config="true" duration-ms="2009" started-at="2019-03-26T20:20:42Z" finished-at="2019-03-26T20:20:44Z">
          <params>
            <param index="0">
              <value>
                <![CDATA[false]]>
              </value>
            </param>
            <param index="1">
              <value>
                <![CDATA[false]]>
              </value>
            </param>
            <param index="2">
              <value>
                <![CDATA[OS X]]>
              </value>
            </param>
            <param index="3">
              <value>
                <![CDATA[10]]>
              </value>
            </param>
            <param index="4">
              <value>
                <![CDATA[chrome-options]]>
              </value>
            </param>
            <param index="5">
              <value>
                <![CDATA[34]]>
              </value>
            </param>
            <param index="6">
              <value>
                <![CDATA[http://www.amazon.com]]>
              </value>
            </param>
          </params>
          <reporter-output>
          </reporter-output>
        </test-method> <!-- setUp -->
        <test-method status="PASS" signature="initialize()[pri:0, instance:TestHomePage.TestAmazonHomePageSignin@7225790e]" name="initialize" is-config="true" duration-ms="1307" started-at="2019-03-26T20:20:44Z" finished-at="2019-03-26T20:20:45Z">
          <reporter-output>
          </reporter-output>
        </test-method> <!-- initialize -->
        <test-method status="PASS" signature="startExtent(java.lang.reflect.Method)[pri:0, instance:TestHomePage.TestAmazonHomePageSignin@7225790e]" name="startExtent" is-config="true" duration-ms="0" started-at="2019-03-26T20:20:44Z" finished-at="2019-03-26T20:20:44Z">
          <params>
            <param index="0">
              <value>
                <![CDATA[public void TestHomePage.TestAmazonHomePageSignin.setopenlogin()]]>
              </value>
            </param>
          </params>
          <reporter-output>
          </reporter-output>
        </test-method> <!-- startExtent -->
        <test-method status="PASS" signature="setopenlogin()[pri:0, instance:TestHomePage.TestAmazonHomePageSignin@7225790e]" name="setopenlogin" duration-ms="544" started-at="2019-03-26T20:20:45Z" finished-at="2019-03-26T20:20:46Z">
          <reporter-output>
          </reporter-output>
        </test-method> <!-- setopenlogin -->
        <test-method status="PASS" signature="afterEachTestMethod(org.testng.ITestResult)[pri:0, instance:TestHomePage.TestAmazonHomePageSignin@7225790e]" name="afterEachTestMethod" is-config="true" duration-ms="149" started-at="2019-03-26T20:20:46Z" finished-at="2019-03-26T20:20:46Z">
          <params>
            <param index="0">
              <value>
                <![CDATA[[TestResult name=setopenlogin status=SUCCESS method=TestAmazonHomePageSignin.setopenlogin()[pri:0, instance:TestHomePage.TestAmazonHomePageSignin@7225790e] output={null}]]]>
              </value>
            </param>
          </params>
          <reporter-output>
          </reporter-output>
        </test-method> <!-- afterEachTestMethod -->
        <test-method status="PASS" signature="cleanUp()[pri:0, instance:TestHomePage.TestAmazonHomePageSignin@7225790e]" name="cleanUp" is-config="true" duration-ms="0" started-at="2019-03-26T20:20:46Z" finished-at="2019-03-26T20:20:46Z">
          <reporter-output>
          </reporter-output>
        </test-method> <!-- cleanUp -->
        <test-method status="PASS" signature="generateReport()[pri:0, instance:TestHomePage.TestAmazonHomePageSignin@7225790e]" name="generateReport" is-config="true" duration-ms="14" started-at="2019-03-26T20:24:54Z" finished-at="2019-03-26T20:24:54Z">
          <reporter-output>
          </reporter-output>
        </test-method> <!-- generateReport -->
      </class> <!-- TestHomePage.TestAmazonHomePageSignin -->
      <class name="TestHomePage.TestAmazonMain">
        <test-method status="PASS" signature="setUp(boolean, java.lang.String, java.lang.String, java.lang.String, java.lang.String, java.lang.String, java.lang.String)[pri:0, instance:TestHomePage.TestAmazonMain@36f6e879]" name="setUp" is-config="true" duration-ms="3395" started-at="2019-03-26T20:23:05Z" finished-at="2019-03-26T20:23:08Z">
          <params>
            <param index="0">
              <value>
                <![CDATA[false]]>
              </value>
            </param>
            <param index="1">
              <value>
                <![CDATA[false]]>
              </value>
            </param>
            <param index="2">
              <value>
                <![CDATA[OS X]]>
              </value>
            </param>
            <param index="3">
              <value>
                <![CDATA[10]]>
              </value>
            </param>
            <param index="4">
              <value>
                <![CDATA[chrome-options]]>
              </value>
            </param>
            <param index="5">
              <value>
                <![CDATA[34]]>
              </value>
            </param>
            <param index="6">
              <value>
                <![CDATA[http://www.amazon.com]]>
              </value>
            </param>
          </params>
          <reporter-output>
          </reporter-output>
        </test-method> <!-- setUp -->
        <test-method status="PASS" signature="startExtent(java.lang.reflect.Method)[pri:0, instance:TestHomePage.TestAmazonMain@36f6e879]" name="startExtent" is-config="true" duration-ms="1" started-at="2019-03-26T20:23:08Z" finished-at="2019-03-26T20:23:08Z">
          <params>
            <param index="0">
              <value>
                <![CDATA[public void TestHomePage.TestAmazonMain.getArtsAutomotive()]]>
              </value>
            </param>
          </params>
          <reporter-output>
          </reporter-output>
        </test-method> <!-- startExtent -->
        <test-method status="PASS" signature="initialize()[pri:0, instance:TestHomePage.TestAmazonMain@36f6e879]" name="initialize" is-config="true" duration-ms="1444" started-at="2019-03-26T20:23:08Z" finished-at="2019-03-26T20:23:10Z">
          <reporter-output>
          </reporter-output>
        </test-method> <!-- initialize -->
        <test-method status="PASS" signature="getArtsAutomotive()[pri:0, instance:TestHomePage.TestAmazonMain@36f6e879]" name="getArtsAutomotive" duration-ms="2772" started-at="2019-03-26T20:23:10Z" finished-at="2019-03-26T20:23:12Z">
          <reporter-output>
          </reporter-output>
        </test-method> <!-- getArtsAutomotive -->
        <test-method status="PASS" signature="afterEachTestMethod(org.testng.ITestResult)[pri:0, instance:TestHomePage.TestAmazonMain@36f6e879]" name="afterEachTestMethod" is-config="true" duration-ms="149" started-at="2019-03-26T20:23:12Z" finished-at="2019-03-26T20:23:12Z">
          <params>
            <param index="0">
              <value>
                <![CDATA[[TestResult name=getArtsAutomotive status=SUCCESS method=TestAmazonMain.getArtsAutomotive()[pri:0, instance:TestHomePage.TestAmazonMain@36f6e879] output={null}]]]>
              </value>
            </param>
          </params>
          <reporter-output>
          </reporter-output>
        </test-method> <!-- afterEachTestMethod -->
        <test-method status="PASS" signature="setUp(boolean, java.lang.String, java.lang.String, java.lang.String, java.lang.String, java.lang.String, java.lang.String)[pri:0, instance:TestHomePage.TestAmazonMain@36f6e879]" name="setUp" is-config="true" duration-ms="2183" started-at="2019-03-26T20:23:12Z" finished-at="2019-03-26T20:23:15Z">
          <params>
            <param index="0">
              <value>
                <![CDATA[false]]>
              </value>
            </param>
            <param index="1">
              <value>
                <![CDATA[false]]>
              </value>
            </param>
            <param index="2">
              <value>
                <![CDATA[OS X]]>
              </value>
            </param>
            <param index="3">
              <value>
                <![CDATA[10]]>
              </value>
            </param>
            <param index="4">
              <value>
                <![CDATA[chrome-options]]>
              </value>
            </param>
            <param index="5">
              <value>
                <![CDATA[34]]>
              </value>
            </param>
            <param index="6">
              <value>
                <![CDATA[http://www.amazon.com]]>
              </value>
            </param>
          </params>
          <reporter-output>
          </reporter-output>
        </test-method> <!-- setUp -->
        <test-method status="PASS" signature="cleanUp()[pri:0, instance:TestHomePage.TestAmazonMain@36f6e879]" name="cleanUp" is-config="true" duration-ms="0" started-at="2019-03-26T20:23:12Z" finished-at="2019-03-26T20:23:12Z">
          <reporter-output>
          </reporter-output>
        </test-method> <!-- cleanUp -->
        <test-method status="PASS" signature="startExtent(java.lang.reflect.Method)[pri:0, instance:TestHomePage.TestAmazonMain@36f6e879]" name="startExtent" is-config="true" duration-ms="0" started-at="2019-03-26T20:23:15Z" finished-at="2019-03-26T20:23:15Z">
          <params>
            <param index="0">
              <value>
                <![CDATA[public void TestHomePage.TestAmazonMain.getAutomotiveParts()]]>
              </value>
            </param>
          </params>
          <reporter-output>
          </reporter-output>
        </test-method> <!-- startExtent -->
        <test-method status="PASS" signature="initialize()[pri:0, instance:TestHomePage.TestAmazonMain@36f6e879]" name="initialize" is-config="true" duration-ms="2008" started-at="2019-03-26T20:23:15Z" finished-at="2019-03-26T20:23:17Z">
          <reporter-output>
          </reporter-output>
        </test-method> <!-- initialize -->
        <test-method status="PASS" signature="getAutomotiveParts()[pri:0, instance:TestHomePage.TestAmazonMain@36f6e879]" name="getAutomotiveParts" duration-ms="2308" started-at="2019-03-26T20:23:17Z" finished-at="2019-03-26T20:23:19Z">
          <reporter-output>
          </reporter-output>
        </test-method> <!-- getAutomotiveParts -->
        <test-method status="PASS" signature="afterEachTestMethod(org.testng.ITestResult)[pri:0, instance:TestHomePage.TestAmazonMain@36f6e879]" name="afterEachTestMethod" is-config="true" duration-ms="201" started-at="2019-03-26T20:23:19Z" finished-at="2019-03-26T20:23:19Z">
          <params>
            <param index="0">
              <value>
                <![CDATA[[TestResult name=getAutomotiveParts status=SUCCESS method=TestAmazonMain.getAutomotiveParts()[pri:0, instance:TestHomePage.TestAmazonMain@36f6e879] output={null}]]]>
              </value>
            </param>
          </params>
          <reporter-output>
          </reporter-output>
        </test-method> <!-- afterEachTestMethod -->
        <test-method status="PASS" signature="cleanUp()[pri:0, instance:TestHomePage.TestAmazonMain@36f6e879]" name="cleanUp" is-config="true" duration-ms="0" started-at="2019-03-26T20:23:19Z" finished-at="2019-03-26T20:23:19Z">
          <reporter-output>
          </reporter-output>
        </test-method> <!-- cleanUp -->
        <test-method status="PASS" signature="setUp(boolean, java.lang.String, java.lang.String, java.lang.String, java.lang.String, java.lang.String, java.lang.String)[pri:0, instance:TestHomePage.TestAmazonMain@36f6e879]" name="setUp" is-config="true" duration-ms="3007" started-at="2019-03-26T20:23:19Z" finished-at="2019-03-26T20:23:22Z">
          <params>
            <param index="0">
              <value>
                <![CDATA[false]]>
              </value>
            </param>
            <param index="1">
              <value>
                <![CDATA[false]]>
              </value>
            </param>
            <param index="2">
              <value>
                <![CDATA[OS X]]>
              </value>
            </param>
            <param index="3">
              <value>
                <![CDATA[10]]>
              </value>
            </param>
            <param index="4">
              <value>
                <![CDATA[chrome-options]]>
              </value>
            </param>
            <param index="5">
              <value>
                <![CDATA[34]]>
              </value>
            </param>
            <param index="6">
              <value>
                <![CDATA[http://www.amazon.com]]>
              </value>
            </param>
          </params>
          <reporter-output>
          </reporter-output>
        </test-method> <!-- setUp -->
        <test-method status="PASS" signature="startExtent(java.lang.reflect.Method)[pri:0, instance:TestHomePage.TestAmazonMain@36f6e879]" name="startExtent" is-config="true" duration-ms="0" started-at="2019-03-26T20:23:22Z" finished-at="2019-03-26T20:23:22Z">
          <params>
            <param index="0">
              <value>
                <![CDATA[public void TestHomePage.TestAmazonMain.getBeautyPersonal()]]>
              </value>
            </param>
          </params>
          <reporter-output>
          </reporter-output>
        </test-method> <!-- startExtent -->
        <test-method status="PASS" signature="initialize()[pri:0, instance:TestHomePage.TestAmazonMain@36f6e879]" name="initialize" is-config="true" duration-ms="1433" started-at="2019-03-26T20:23:22Z" finished-at="2019-03-26T20:23:24Z">
          <reporter-output>
          </reporter-output>
        </test-method> <!-- initialize -->
        <test-method status="PASS" signature="getBeautyPersonal()[pri:0, instance:TestHomePage.TestAmazonMain@36f6e879]" name="getBeautyPersonal" duration-ms="4053" started-at="2019-03-26T20:23:24Z" finished-at="2019-03-26T20:23:28Z">
          <reporter-output>
          </reporter-output>
        </test-method> <!-- getBeautyPersonal -->
        <test-method status="PASS" signature="afterEachTestMethod(org.testng.ITestResult)[pri:0, instance:TestHomePage.TestAmazonMain@36f6e879]" name="afterEachTestMethod" is-config="true" duration-ms="200" started-at="2019-03-26T20:23:28Z" finished-at="2019-03-26T20:23:28Z">
          <params>
            <param index="0">
              <value>
                <![CDATA[[TestResult name=getBeautyPersonal status=SUCCESS method=TestAmazonMain.getBeautyPersonal()[pri:0, instance:TestHomePage.TestAmazonMain@36f6e879] output={null}]]]>
              </value>
            </param>
          </params>
          <reporter-output>
          </reporter-output>
        </test-method> <!-- afterEachTestMethod -->
        <test-method status="PASS" signature="setUp(boolean, java.lang.String, java.lang.String, java.lang.String, java.lang.String, java.lang.String, java.lang.String)[pri:0, instance:TestHomePage.TestAmazonMain@36f6e879]" name="setUp" is-config="true" duration-ms="3173" started-at="2019-03-26T20:23:28Z" finished-at="2019-03-26T20:23:31Z">
          <params>
            <param index="0">
              <value>
                <![CDATA[false]]>
              </value>
            </param>
            <param index="1">
              <value>
                <![CDATA[false]]>
              </value>
            </param>
            <param index="2">
              <value>
                <![CDATA[OS X]]>
              </value>
            </param>
            <param index="3">
              <value>
                <![CDATA[10]]>
              </value>
            </param>
            <param index="4">
              <value>
                <![CDATA[chrome-options]]>
              </value>
            </param>
            <param index="5">
              <value>
                <![CDATA[34]]>
              </value>
            </param>
            <param index="6">
              <value>
                <![CDATA[http://www.amazon.com]]>
              </value>
            </param>
          </params>
          <reporter-output>
          </reporter-output>
        </test-method> <!-- setUp -->
        <test-method status="PASS" signature="cleanUp()[pri:0, instance:TestHomePage.TestAmazonMain@36f6e879]" name="cleanUp" is-config="true" duration-ms="0" started-at="2019-03-26T20:23:28Z" finished-at="2019-03-26T20:23:28Z">
          <reporter-output>
          </reporter-output>
        </test-method> <!-- cleanUp -->
        <test-method status="PASS" signature="startExtent(java.lang.reflect.Method)[pri:0, instance:TestHomePage.TestAmazonMain@36f6e879]" name="startExtent" is-config="true" duration-ms="1" started-at="2019-03-26T20:23:31Z" finished-at="2019-03-26T20:23:31Z">
          <params>
            <param index="0">
              <value>
                <![CDATA[public void TestHomePage.TestAmazonMain.getBooks()]]>
              </value>
            </param>
          </params>
          <reporter-output>
          </reporter-output>
        </test-method> <!-- startExtent -->
        <test-method status="PASS" signature="initialize()[pri:0, instance:TestHomePage.TestAmazonMain@36f6e879]" name="initialize" is-config="true" duration-ms="1597" started-at="2019-03-26T20:23:31Z" finished-at="2019-03-26T20:23:33Z">
          <reporter-output>
          </reporter-output>
        </test-method> <!-- initialize -->
        <test-method status="PASS" signature="getBooks()[pri:0, instance:TestHomePage.TestAmazonMain@36f6e879]" name="getBooks" duration-ms="2949" started-at="2019-03-26T20:23:33Z" finished-at="2019-03-26T20:23:36Z">
          <reporter-output>
          </reporter-output>
        </test-method> <!-- getBooks -->
        <test-method status="PASS" signature="afterEachTestMethod(org.testng.ITestResult)[pri:0, instance:TestHomePage.TestAmazonMain@36f6e879]" name="afterEachTestMethod" is-config="true" duration-ms="178" started-at="2019-03-26T20:23:36Z" finished-at="2019-03-26T20:23:36Z">
          <params>
            <param index="0">
              <value>
                <![CDATA[[TestResult name=getBooks status=SUCCESS method=TestAmazonMain.getBooks()[pri:0, instance:TestHomePage.TestAmazonMain@36f6e879] output={null}]]]>
              </value>
            </param>
          </params>
          <reporter-output>
          </reporter-output>
        </test-method> <!-- afterEachTestMethod -->
        <test-method status="PASS" signature="setUp(boolean, java.lang.String, java.lang.String, java.lang.String, java.lang.String, java.lang.String, java.lang.String)[pri:0, instance:TestHomePage.TestAmazonMain@36f6e879]" name="setUp" is-config="true" duration-ms="2968" started-at="2019-03-26T20:23:36Z" finished-at="2019-03-26T20:23:39Z">
          <params>
            <param index="0">
              <value>
                <![CDATA[false]]>
              </value>
            </param>
            <param index="1">
              <value>
                <![CDATA[false]]>
              </value>
            </param>
            <param index="2">
              <value>
                <![CDATA[OS X]]>
              </value>
            </param>
            <param index="3">
              <value>
                <![CDATA[10]]>
              </value>
            </param>
            <param index="4">
              <value>
                <![CDATA[chrome-options]]>
              </value>
            </param>
            <param index="5">
              <value>
                <![CDATA[34]]>
              </value>
            </param>
            <param index="6">
              <value>
                <![CDATA[http://www.amazon.com]]>
              </value>
            </param>
          </params>
          <reporter-output>
          </reporter-output>
        </test-method> <!-- setUp -->
        <test-method status="PASS" signature="cleanUp()[pri:0, instance:TestHomePage.TestAmazonMain@36f6e879]" name="cleanUp" is-config="true" duration-ms="0" started-at="2019-03-26T20:23:36Z" finished-at="2019-03-26T20:23:36Z">
          <reporter-output>
          </reporter-output>
        </test-method> <!-- cleanUp -->
        <test-method status="PASS" signature="initialize()[pri:0, instance:TestHomePage.TestAmazonMain@36f6e879]" name="initialize" is-config="true" duration-ms="1713" started-at="2019-03-26T20:23:39Z" finished-at="2019-03-26T20:23:40Z">
          <reporter-output>
          </reporter-output>
        </test-method> <!-- initialize -->
        <test-method status="PASS" signature="startExtent(java.lang.reflect.Method)[pri:0, instance:TestHomePage.TestAmazonMain@36f6e879]" name="startExtent" is-config="true" duration-ms="0" started-at="2019-03-26T20:23:39Z" finished-at="2019-03-26T20:23:39Z">
          <params>
            <param index="0">
              <value>
                <![CDATA[public void TestHomePage.TestAmazonMain.getCD()]]>
              </value>
            </param>
          </params>
          <reporter-output>
          </reporter-output>
        </test-method> <!-- startExtent -->
        <test-method status="PASS" signature="getCD()[pri:0, instance:TestHomePage.TestAmazonMain@36f6e879]" name="getCD" duration-ms="2408" started-at="2019-03-26T20:23:40Z" finished-at="2019-03-26T20:23:43Z">
          <reporter-output>
          </reporter-output>
        </test-method> <!-- getCD -->
        <test-method status="PASS" signature="afterEachTestMethod(org.testng.ITestResult)[pri:0, instance:TestHomePage.TestAmazonMain@36f6e879]" name="afterEachTestMethod" is-config="true" duration-ms="161" started-at="2019-03-26T20:23:43Z" finished-at="2019-03-26T20:23:43Z">
          <params>
            <param index="0">
              <value>
                <![CDATA[[TestResult name=getCD status=SUCCESS method=TestAmazonMain.getCD()[pri:0, instance:TestHomePage.TestAmazonMain@36f6e879] output={null}]]]>
              </value>
            </param>
          </params>
          <reporter-output>
          </reporter-output>
        </test-method> <!-- afterEachTestMethod -->
        <test-method status="PASS" signature="cleanUp()[pri:0, instance:TestHomePage.TestAmazonMain@36f6e879]" name="cleanUp" is-config="true" duration-ms="0" started-at="2019-03-26T20:23:43Z" finished-at="2019-03-26T20:23:43Z">
          <reporter-output>
          </reporter-output>
        </test-method> <!-- cleanUp -->
        <test-method status="PASS" signature="setUp(boolean, java.lang.String, java.lang.String, java.lang.String, java.lang.String, java.lang.String, java.lang.String)[pri:0, instance:TestHomePage.TestAmazonMain@36f6e879]" name="setUp" is-config="true" duration-ms="2625" started-at="2019-03-26T20:23:43Z" finished-at="2019-03-26T20:23:46Z">
          <params>
            <param index="0">
              <value>
                <![CDATA[false]]>
              </value>
            </param>
            <param index="1">
              <value>
                <![CDATA[false]]>
              </value>
            </param>
            <param index="2">
              <value>
                <![CDATA[OS X]]>
              </value>
            </param>
            <param index="3">
              <value>
                <![CDATA[10]]>
              </value>
            </param>
            <param index="4">
              <value>
                <![CDATA[chrome-options]]>
              </value>
            </param>
            <param index="5">
              <value>
                <![CDATA[34]]>
              </value>
            </param>
            <param index="6">
              <value>
                <![CDATA[http://www.amazon.com]]>
              </value>
            </param>
          </params>
          <reporter-output>
          </reporter-output>
        </test-method> <!-- setUp -->
        <test-method status="PASS" signature="startExtent(java.lang.reflect.Method)[pri:0, instance:TestHomePage.TestAmazonMain@36f6e879]" name="startExtent" is-config="true" duration-ms="1" started-at="2019-03-26T20:23:46Z" finished-at="2019-03-26T20:23:46Z">
          <params>
            <param index="0">
              <value>
                <![CDATA[public void TestHomePage.TestAmazonMain.getClicktryPrime()]]>
              </value>
            </param>
          </params>
          <reporter-output>
          </reporter-output>
        </test-method> <!-- startExtent -->
        <test-method status="PASS" signature="initialize()[pri:0, instance:TestHomePage.TestAmazonMain@36f6e879]" name="initialize" is-config="true" duration-ms="1480" started-at="2019-03-26T20:23:46Z" finished-at="2019-03-26T20:23:47Z">
          <reporter-output>
          </reporter-output>
        </test-method> <!-- initialize -->
        <test-method status="PASS" signature="getClicktryPrime()[pri:0, instance:TestHomePage.TestAmazonMain@36f6e879]" name="getClicktryPrime" duration-ms="1329" started-at="2019-03-26T20:23:47Z" finished-at="2019-03-26T20:23:48Z">
          <reporter-output>
          </reporter-output>
        </test-method> <!-- getClicktryPrime -->
        <test-method status="PASS" signature="afterEachTestMethod(org.testng.ITestResult)[pri:0, instance:TestHomePage.TestAmazonMain@36f6e879]" name="afterEachTestMethod" is-config="true" duration-ms="143" started-at="2019-03-26T20:23:48Z" finished-at="2019-03-26T20:23:49Z">
          <params>
            <param index="0">
              <value>
                <![CDATA[[TestResult name=getClicktryPrime status=SUCCESS method=TestAmazonMain.getClicktryPrime()[pri:0, instance:TestHomePage.TestAmazonMain@36f6e879] output={null}]]]>
              </value>
            </param>
          </params>
          <reporter-output>
          </reporter-output>
        </test-method> <!-- afterEachTestMethod -->
        <test-method status="PASS" signature="setUp(boolean, java.lang.String, java.lang.String, java.lang.String, java.lang.String, java.lang.String, java.lang.String)[pri:0, instance:TestHomePage.TestAmazonMain@36f6e879]" name="setUp" is-config="true" duration-ms="2793" started-at="2019-03-26T20:23:49Z" finished-at="2019-03-26T20:23:51Z">
          <params>
            <param index="0">
              <value>
                <![CDATA[false]]>
              </value>
            </param>
            <param index="1">
              <value>
                <![CDATA[false]]>
              </value>
            </param>
            <param index="2">
              <value>
                <![CDATA[OS X]]>
              </value>
            </param>
            <param index="3">
              <value>
                <![CDATA[10]]>
              </value>
            </param>
            <param index="4">
              <value>
                <![CDATA[chrome-options]]>
              </value>
            </param>
            <param index="5">
              <value>
                <![CDATA[34]]>
              </value>
            </param>
            <param index="6">
              <value>
                <![CDATA[http://www.amazon.com]]>
              </value>
            </param>
          </params>
          <reporter-output>
          </reporter-output>
        </test-method> <!-- setUp -->
        <test-method status="PASS" signature="cleanUp()[pri:0, instance:TestHomePage.TestAmazonMain@36f6e879]" name="cleanUp" is-config="true" duration-ms="0" started-at="2019-03-26T20:23:49Z" finished-at="2019-03-26T20:23:49Z">
          <reporter-output>
          </reporter-output>
        </test-method> <!-- cleanUp -->
        <test-method status="PASS" signature="startExtent(java.lang.reflect.Method)[pri:0, instance:TestHomePage.TestAmazonMain@36f6e879]" name="startExtent" is-config="true" duration-ms="1" started-at="2019-03-26T20:23:51Z" finished-at="2019-03-26T20:23:51Z">
          <params>
            <param index="0">
              <value>
                <![CDATA[public void TestHomePage.TestAmazonMain.getDeliverto()]]>
              </value>
            </param>
          </params>
          <reporter-output>
          </reporter-output>
        </test-method> <!-- startExtent -->
        <test-method status="PASS" signature="initialize()[pri:0, instance:TestHomePage.TestAmazonMain@36f6e879]" name="initialize" is-config="true" duration-ms="1215" started-at="2019-03-26T20:23:51Z" finished-at="2019-03-26T20:23:53Z">
          <reporter-output>
          </reporter-output>
        </test-method> <!-- initialize -->
        <test-method status="PASS" signature="getDeliverto()[pri:0, instance:TestHomePage.TestAmazonMain@36f6e879]" name="getDeliverto" duration-ms="202" started-at="2019-03-26T20:23:53Z" finished-at="2019-03-26T20:23:53Z">
          <reporter-output>
          </reporter-output>
        </test-method> <!-- getDeliverto -->
        <test-method status="PASS" signature="afterEachTestMethod(org.testng.ITestResult)[pri:0, instance:TestHomePage.TestAmazonMain@36f6e879]" name="afterEachTestMethod" is-config="true" duration-ms="134" started-at="2019-03-26T20:23:53Z" finished-at="2019-03-26T20:23:53Z">
          <params>
            <param index="0">
              <value>
                <![CDATA[[TestResult name=getDeliverto status=SUCCESS method=TestAmazonMain.getDeliverto()[pri:0, instance:TestHomePage.TestAmazonMain@36f6e879] output={null}]]]>
              </value>
            </param>
          </params>
          <reporter-output>
          </reporter-output>
        </test-method> <!-- afterEachTestMethod -->
        <test-method status="PASS" signature="cleanUp()[pri:0, instance:TestHomePage.TestAmazonMain@36f6e879]" name="cleanUp" is-config="true" duration-ms="1" started-at="2019-03-26T20:23:53Z" finished-at="2019-03-26T20:23:53Z">
          <reporter-output>
          </reporter-output>
        </test-method> <!-- cleanUp -->
        <test-method status="PASS" signature="setUp(boolean, java.lang.String, java.lang.String, java.lang.String, java.lang.String, java.lang.String, java.lang.String)[pri:0, instance:TestHomePage.TestAmazonMain@36f6e879]" name="setUp" is-config="true" duration-ms="2193" started-at="2019-03-26T20:23:53Z" finished-at="2019-03-26T20:23:55Z">
          <params>
            <param index="0">
              <value>
                <![CDATA[false]]>
              </value>
            </param>
            <param index="1">
              <value>
                <![CDATA[false]]>
              </value>
            </param>
            <param index="2">
              <value>
                <![CDATA[OS X]]>
              </value>
            </param>
            <param index="3">
              <value>
                <![CDATA[10]]>
              </value>
            </param>
            <param index="4">
              <value>
                <![CDATA[chrome-options]]>
              </value>
            </param>
            <param index="5">
              <value>
                <![CDATA[34]]>
              </value>
            </param>
            <param index="6">
              <value>
                <![CDATA[http://www.amazon.com]]>
              </value>
            </param>
          </params>
          <reporter-output>
          </reporter-output>
        </test-method> <!-- setUp -->
        <test-method status="PASS" signature="startExtent(java.lang.reflect.Method)[pri:0, instance:TestHomePage.TestAmazonMain@36f6e879]" name="startExtent" is-config="true" duration-ms="0" started-at="2019-03-26T20:23:55Z" finished-at="2019-03-26T20:23:55Z">
          <params>
            <param index="0">
              <value>
                <![CDATA[public void TestHomePage.TestAmazonMain.getSearchbar()]]>
              </value>
            </param>
          </params>
          <reporter-output>
          </reporter-output>
        </test-method> <!-- startExtent -->
        <test-method status="PASS" signature="initialize()[pri:0, instance:TestHomePage.TestAmazonMain@36f6e879]" name="initialize" is-config="true" duration-ms="1019" started-at="2019-03-26T20:23:55Z" finished-at="2019-03-26T20:23:56Z">
          <reporter-output>
          </reporter-output>
        </test-method> <!-- initialize -->
        <test-method status="PASS" signature="getSearchbar()[pri:0, instance:TestHomePage.TestAmazonMain@36f6e879]" name="getSearchbar" duration-ms="116" started-at="2019-03-26T20:23:56Z" finished-at="2019-03-26T20:23:56Z">
          <reporter-output>
          </reporter-output>
        </test-method> <!-- getSearchbar -->
        <test-method status="PASS" signature="afterEachTestMethod(org.testng.ITestResult)[pri:0, instance:TestHomePage.TestAmazonMain@36f6e879]" name="afterEachTestMethod" is-config="true" duration-ms="124" started-at="2019-03-26T20:23:56Z" finished-at="2019-03-26T20:23:56Z">
          <params>
            <param index="0">
              <value>
                <![CDATA[[TestResult name=getSearchbar status=SUCCESS method=TestAmazonMain.getSearchbar()[pri:0, instance:TestHomePage.TestAmazonMain@36f6e879] output={null}]]]>
              </value>
            </param>
          </params>
          <reporter-output>
          </reporter-output>
        </test-method> <!-- afterEachTestMethod -->
        <test-method status="PASS" signature="cleanUp()[pri:0, instance:TestHomePage.TestAmazonMain@36f6e879]" name="cleanUp" is-config="true" duration-ms="0" started-at="2019-03-26T20:23:56Z" finished-at="2019-03-26T20:23:56Z">
          <reporter-output>
          </reporter-output>
        </test-method> <!-- cleanUp -->
        <test-method status="PASS" signature="setUp(boolean, java.lang.String, java.lang.String, java.lang.String, java.lang.String, java.lang.String, java.lang.String)[pri:0, instance:TestHomePage.TestAmazonMain@36f6e879]" name="setUp" is-config="true" duration-ms="2905" started-at="2019-03-26T20:23:56Z" finished-at="2019-03-26T20:23:59Z">
          <params>
            <param index="0">
              <value>
                <![CDATA[false]]>
              </value>
            </param>
            <param index="1">
              <value>
                <![CDATA[false]]>
              </value>
            </param>
            <param index="2">
              <value>
                <![CDATA[OS X]]>
              </value>
            </param>
            <param index="3">
              <value>
                <![CDATA[10]]>
              </value>
            </param>
            <param index="4">
              <value>
                <![CDATA[chrome-options]]>
              </value>
            </param>
            <param index="5">
              <value>
                <![CDATA[34]]>
              </value>
            </param>
            <param index="6">
              <value>
                <![CDATA[http://www.amazon.com]]>
              </value>
            </param>
          </params>
          <reporter-output>
          </reporter-output>
        </test-method> <!-- setUp -->
        <test-method status="PASS" signature="initialize()[pri:0, instance:TestHomePage.TestAmazonMain@36f6e879]" name="initialize" is-config="true" duration-ms="1234" started-at="2019-03-26T20:23:59Z" finished-at="2019-03-26T20:24:01Z">
          <reporter-output>
          </reporter-output>
        </test-method> <!-- initialize -->
        <test-method status="PASS" signature="startExtent(java.lang.reflect.Method)[pri:0, instance:TestHomePage.TestAmazonMain@36f6e879]" name="startExtent" is-config="true" duration-ms="0" started-at="2019-03-26T20:23:59Z" finished-at="2019-03-26T20:23:59Z">
          <params>
            <param index="0">
              <value>
                <![CDATA[public void TestHomePage.TestAmazonMain.getSearchitem()]]>
              </value>
            </param>
          </params>
          <reporter-output>
          </reporter-output>
        </test-method> <!-- startExtent -->
        <test-method status="PASS" signature="getSearchitem()[pri:0, instance:TestHomePage.TestAmazonMain@36f6e879]" name="getSearchitem" duration-ms="1046" started-at="2019-03-26T20:24:01Z" finished-at="2019-03-26T20:24:02Z">
          <reporter-output>
          </reporter-output>
        </test-method> <!-- getSearchitem -->
        <test-method status="PASS" signature="afterEachTestMethod(org.testng.ITestResult)[pri:0, instance:TestHomePage.TestAmazonMain@36f6e879]" name="afterEachTestMethod" is-config="true" duration-ms="134" started-at="2019-03-26T20:24:02Z" finished-at="2019-03-26T20:24:02Z">
          <params>
            <param index="0">
              <value>
                <![CDATA[[TestResult name=getSearchitem status=SUCCESS method=TestAmazonMain.getSearchitem()[pri:0, instance:TestHomePage.TestAmazonMain@36f6e879] output={null}]]]>
              </value>
            </param>
          </params>
          <reporter-output>
          </reporter-output>
        </test-method> <!-- afterEachTestMethod -->
        <test-method status="PASS" signature="cleanUp()[pri:0, instance:TestHomePage.TestAmazonMain@36f6e879]" name="cleanUp" is-config="true" duration-ms="0" started-at="2019-03-26T20:24:02Z" finished-at="2019-03-26T20:24:02Z">
          <reporter-output>
          </reporter-output>
        </test-method> <!-- cleanUp -->
        <test-method status="PASS" signature="setUp(boolean, java.lang.String, java.lang.String, java.lang.String, java.lang.String, java.lang.String, java.lang.String)[pri:0, instance:TestHomePage.TestAmazonMain@36f6e879]" name="setUp" is-config="true" duration-ms="2470" started-at="2019-03-26T20:24:02Z" finished-at="2019-03-26T20:24:04Z">
          <params>
            <param index="0">
              <value>
                <![CDATA[false]]>
              </value>
            </param>
            <param index="1">
              <value>
                <![CDATA[false]]>
              </value>
            </param>
            <param index="2">
              <value>
                <![CDATA[OS X]]>
              </value>
            </param>
            <param index="3">
              <value>
                <![CDATA[10]]>
              </value>
            </param>
            <param index="4">
              <value>
                <![CDATA[chrome-options]]>
              </value>
            </param>
            <param index="5">
              <value>
                <![CDATA[34]]>
              </value>
            </param>
            <param index="6">
              <value>
                <![CDATA[http://www.amazon.com]]>
              </value>
            </param>
          </params>
          <reporter-output>
          </reporter-output>
        </test-method> <!-- setUp -->
        <test-method status="PASS" signature="initialize()[pri:0, instance:TestHomePage.TestAmazonMain@36f6e879]" name="initialize" is-config="true" duration-ms="1207" started-at="2019-03-26T20:24:04Z" finished-at="2019-03-26T20:24:05Z">
          <reporter-output>
          </reporter-output>
        </test-method> <!-- initialize -->
        <test-method status="PASS" signature="startExtent(java.lang.reflect.Method)[pri:0, instance:TestHomePage.TestAmazonMain@36f6e879]" name="startExtent" is-config="true" duration-ms="0" started-at="2019-03-26T20:24:04Z" finished-at="2019-03-26T20:24:04Z">
          <params>
            <param index="0">
              <value>
                <![CDATA[public void TestHomePage.TestAmazonMain.getSearchitems()]]>
              </value>
            </param>
          </params>
          <reporter-output>
          </reporter-output>
        </test-method> <!-- startExtent -->
        <test-method status="PASS" signature="getSearchitems()[pri:0, instance:TestHomePage.TestAmazonMain@36f6e879]" name="getSearchitems" duration-ms="527" started-at="2019-03-26T20:24:05Z" finished-at="2019-03-26T20:24:06Z">
          <reporter-output>
          </reporter-output>
        </test-method> <!-- getSearchitems -->
        <test-method status="PASS" signature="afterEachTestMethod(org.testng.ITestResult)[pri:0, instance:TestHomePage.TestAmazonMain@36f6e879]" name="afterEachTestMethod" is-config="true" duration-ms="129" started-at="2019-03-26T20:24:06Z" finished-at="2019-03-26T20:24:06Z">
          <params>
            <param index="0">
              <value>
                <![CDATA[[TestResult name=getSearchitems status=SUCCESS method=TestAmazonMain.getSearchitems()[pri:0, instance:TestHomePage.TestAmazonMain@36f6e879] output={null}]]]>
              </value>
            </param>
          </params>
          <reporter-output>
          </reporter-output>
        </test-method> <!-- afterEachTestMethod -->
        <test-method status="PASS" signature="setUp(boolean, java.lang.String, java.lang.String, java.lang.String, java.lang.String, java.lang.String, java.lang.String)[pri:0, instance:TestHomePage.TestAmazonMain@36f6e879]" name="setUp" is-config="true" duration-ms="2386" started-at="2019-03-26T20:24:06Z" finished-at="2019-03-26T20:24:08Z">
          <params>
            <param index="0">
              <value>
                <![CDATA[false]]>
              </value>
            </param>
            <param index="1">
              <value>
                <![CDATA[false]]>
              </value>
            </param>
            <param index="2">
              <value>
                <![CDATA[OS X]]>
              </value>
            </param>
            <param index="3">
              <value>
                <![CDATA[10]]>
              </value>
            </param>
            <param index="4">
              <value>
                <![CDATA[chrome-options]]>
              </value>
            </param>
            <param index="5">
              <value>
                <![CDATA[34]]>
              </value>
            </param>
            <param index="6">
              <value>
                <![CDATA[http://www.amazon.com]]>
              </value>
            </param>
          </params>
          <reporter-output>
          </reporter-output>
        </test-method> <!-- setUp -->
        <test-method status="PASS" signature="cleanUp()[pri:0, instance:TestHomePage.TestAmazonMain@36f6e879]" name="cleanUp" is-config="true" duration-ms="0" started-at="2019-03-26T20:24:06Z" finished-at="2019-03-26T20:24:06Z">
          <reporter-output>
          </reporter-output>
        </test-method> <!-- cleanUp -->
        <test-method status="PASS" signature="initialize()[pri:0, instance:TestHomePage.TestAmazonMain@36f6e879]" name="initialize" is-config="true" duration-ms="817" started-at="2019-03-26T20:24:08Z" finished-at="2019-03-26T20:24:09Z">
          <reporter-output>
          </reporter-output>
        </test-method> <!-- initialize -->
        <test-method status="PASS" signature="startExtent(java.lang.reflect.Method)[pri:0, instance:TestHomePage.TestAmazonMain@36f6e879]" name="startExtent" is-config="true" duration-ms="0" started-at="2019-03-26T20:24:08Z" finished-at="2019-03-26T20:24:08Z">
          <params>
            <param index="0">
              <value>
                <![CDATA[public void TestHomePage.TestAmazonMain.getamazonFresh()]]>
              </value>
            </param>
          </params>
          <reporter-output>
          </reporter-output>
        </test-method> <!-- startExtent -->
        <test-method status="PASS" signature="getamazonFresh()[pri:0, instance:TestHomePage.TestAmazonMain@36f6e879]" name="getamazonFresh" duration-ms="2489" started-at="2019-03-26T20:24:09Z" finished-at="2019-03-26T20:24:12Z">
          <reporter-output>
          </reporter-output>
        </test-method> <!-- getamazonFresh -->
        <test-method status="PASS" signature="afterEachTestMethod(org.testng.ITestResult)[pri:0, instance:TestHomePage.TestAmazonMain@36f6e879]" name="afterEachTestMethod" is-config="true" duration-ms="144" started-at="2019-03-26T20:24:12Z" finished-at="2019-03-26T20:24:12Z">
          <params>
            <param index="0">
              <value>
                <![CDATA[[TestResult name=getamazonFresh status=SUCCESS method=TestAmazonMain.getamazonFresh()[pri:0, instance:TestHomePage.TestAmazonMain@36f6e879] output={null}]]]>
              </value>
            </param>
          </params>
          <reporter-output>
          </reporter-output>
        </test-method> <!-- afterEachTestMethod -->
        <test-method status="PASS" signature="setUp(boolean, java.lang.String, java.lang.String, java.lang.String, java.lang.String, java.lang.String, java.lang.String)[pri:0, instance:TestHomePage.TestAmazonMain@36f6e879]" name="setUp" is-config="true" duration-ms="2298" started-at="2019-03-26T20:24:12Z" finished-at="2019-03-26T20:24:14Z">
          <params>
            <param index="0">
              <value>
                <![CDATA[false]]>
              </value>
            </param>
            <param index="1">
              <value>
                <![CDATA[false]]>
              </value>
            </param>
            <param index="2">
              <value>
                <![CDATA[OS X]]>
              </value>
            </param>
            <param index="3">
              <value>
                <![CDATA[10]]>
              </value>
            </param>
            <param index="4">
              <value>
                <![CDATA[chrome-options]]>
              </value>
            </param>
            <param index="5">
              <value>
                <![CDATA[34]]>
              </value>
            </param>
            <param index="6">
              <value>
                <![CDATA[http://www.amazon.com]]>
              </value>
            </param>
          </params>
          <reporter-output>
          </reporter-output>
        </test-method> <!-- setUp -->
        <test-method status="PASS" signature="cleanUp()[pri:0, instance:TestHomePage.TestAmazonMain@36f6e879]" name="cleanUp" is-config="true" duration-ms="0" started-at="2019-03-26T20:24:12Z" finished-at="2019-03-26T20:24:12Z">
          <reporter-output>
          </reporter-output>
        </test-method> <!-- cleanUp -->
        <test-method status="PASS" signature="startExtent(java.lang.reflect.Method)[pri:0, instance:TestHomePage.TestAmazonMain@36f6e879]" name="startExtent" is-config="true" duration-ms="1" started-at="2019-03-26T20:24:14Z" finished-at="2019-03-26T20:24:14Z">
          <params>
            <param index="0">
              <value>
                <![CDATA[public void TestHomePage.TestAmazonMain.getcategorieBaby()]]>
              </value>
            </param>
          </params>
          <reporter-output>
          </reporter-output>
        </test-method> <!-- startExtent -->
        <test-method status="PASS" signature="initialize()[pri:0, instance:TestHomePage.TestAmazonMain@36f6e879]" name="initialize" is-config="true" duration-ms="1313" started-at="2019-03-26T20:24:14Z" finished-at="2019-03-26T20:24:15Z">
          <reporter-output>
          </reporter-output>
        </test-method> <!-- initialize -->
        <test-method status="PASS" signature="getcategorieBaby()[pri:0, instance:TestHomePage.TestAmazonMain@36f6e879]" name="getcategorieBaby" duration-ms="3079" started-at="2019-03-26T20:24:15Z" finished-at="2019-03-26T20:24:19Z">
          <reporter-output>
          </reporter-output>
        </test-method> <!-- getcategorieBaby -->
        <test-method status="PASS" signature="afterEachTestMethod(org.testng.ITestResult)[pri:0, instance:TestHomePage.TestAmazonMain@36f6e879]" name="afterEachTestMethod" is-config="true" duration-ms="145" started-at="2019-03-26T20:24:19Z" finished-at="2019-03-26T20:24:19Z">
          <params>
            <param index="0">
              <value>
                <![CDATA[[TestResult name=getcategorieBaby status=SUCCESS method=TestAmazonMain.getcategorieBaby()[pri:0, instance:TestHomePage.TestAmazonMain@36f6e879] output={null}]]]>
              </value>
            </param>
          </params>
          <reporter-output>
          </reporter-output>
        </test-method> <!-- afterEachTestMethod -->
        <test-method status="PASS" signature="cleanUp()[pri:0, instance:TestHomePage.TestAmazonMain@36f6e879]" name="cleanUp" is-config="true" duration-ms="0" started-at="2019-03-26T20:24:19Z" finished-at="2019-03-26T20:24:19Z">
          <reporter-output>
          </reporter-output>
        </test-method> <!-- cleanUp -->
        <test-method status="PASS" signature="setUp(boolean, java.lang.String, java.lang.String, java.lang.String, java.lang.String, java.lang.String, java.lang.String)[pri:0, instance:TestHomePage.TestAmazonMain@36f6e879]" name="setUp" is-config="true" duration-ms="1993" started-at="2019-03-26T20:24:19Z" finished-at="2019-03-26T20:24:21Z">
          <params>
            <param index="0">
              <value>
                <![CDATA[false]]>
              </value>
            </param>
            <param index="1">
              <value>
                <![CDATA[false]]>
              </value>
            </param>
            <param index="2">
              <value>
                <![CDATA[OS X]]>
              </value>
            </param>
            <param index="3">
              <value>
                <![CDATA[10]]>
              </value>
            </param>
            <param index="4">
              <value>
                <![CDATA[chrome-options]]>
              </value>
            </param>
            <param index="5">
              <value>
                <![CDATA[34]]>
              </value>
            </param>
            <param index="6">
              <value>
                <![CDATA[http://www.amazon.com]]>
              </value>
            </param>
          </params>
          <reporter-output>
          </reporter-output>
        </test-method> <!-- setUp -->
        <test-method status="PASS" signature="startExtent(java.lang.reflect.Method)[pri:0, instance:TestHomePage.TestAmazonMain@36f6e879]" name="startExtent" is-config="true" duration-ms="0" started-at="2019-03-26T20:24:21Z" finished-at="2019-03-26T20:24:21Z">
          <params>
            <param index="0">
              <value>
                <![CDATA[public void TestHomePage.TestAmazonMain.getcategoryAlexa()]]>
              </value>
            </param>
          </params>
          <reporter-output>
          </reporter-output>
        </test-method> <!-- startExtent -->
        <test-method status="PASS" signature="initialize()[pri:0, instance:TestHomePage.TestAmazonMain@36f6e879]" name="initialize" is-config="true" duration-ms="1578" started-at="2019-03-26T20:24:21Z" finished-at="2019-03-26T20:24:22Z">
          <reporter-output>
          </reporter-output>
        </test-method> <!-- initialize -->
        <test-method status="PASS" signature="getcategoryAlexa()[pri:0, instance:TestHomePage.TestAmazonMain@36f6e879]" name="getcategoryAlexa" duration-ms="3415" started-at="2019-03-26T20:24:22Z" finished-at="2019-03-26T20:24:26Z">
          <reporter-output>
          </reporter-output>
        </test-method> <!-- getcategoryAlexa -->
        <test-method status="PASS" signature="afterEachTestMethod(org.testng.ITestResult)[pri:0, instance:TestHomePage.TestAmazonMain@36f6e879]" name="afterEachTestMethod" is-config="true" duration-ms="134" started-at="2019-03-26T20:24:26Z" finished-at="2019-03-26T20:24:26Z">
          <params>
            <param index="0">
              <value>
                <![CDATA[[TestResult name=getcategoryAlexa status=SUCCESS method=TestAmazonMain.getcategoryAlexa()[pri:0, instance:TestHomePage.TestAmazonMain@36f6e879] output={null}]]]>
              </value>
            </param>
          </params>
          <reporter-output>
          </reporter-output>
        </test-method> <!-- afterEachTestMethod -->
        <test-method status="PASS" signature="cleanUp()[pri:0, instance:TestHomePage.TestAmazonMain@36f6e879]" name="cleanUp" is-config="true" duration-ms="0" started-at="2019-03-26T20:24:26Z" finished-at="2019-03-26T20:24:26Z">
          <reporter-output>
          </reporter-output>
        </test-method> <!-- cleanUp -->
        <test-method status="PASS" signature="setUp(boolean, java.lang.String, java.lang.String, java.lang.String, java.lang.String, java.lang.String, java.lang.String)[pri:0, instance:TestHomePage.TestAmazonMain@36f6e879]" name="setUp" is-config="true" duration-ms="2582" started-at="2019-03-26T20:24:26Z" finished-at="2019-03-26T20:24:28Z">
          <params>
            <param index="0">
              <value>
                <![CDATA[false]]>
              </value>
            </param>
            <param index="1">
              <value>
                <![CDATA[false]]>
              </value>
            </param>
            <param index="2">
              <value>
                <![CDATA[OS X]]>
              </value>
            </param>
            <param index="3">
              <value>
                <![CDATA[10]]>
              </value>
            </param>
            <param index="4">
              <value>
                <![CDATA[chrome-options]]>
              </value>
            </param>
            <param index="5">
              <value>
                <![CDATA[34]]>
              </value>
            </param>
            <param index="6">
              <value>
                <![CDATA[http://www.amazon.com]]>
              </value>
            </param>
          </params>
          <reporter-output>
          </reporter-output>
        </test-method> <!-- setUp -->
        <test-method status="PASS" signature="startExtent(java.lang.reflect.Method)[pri:0, instance:TestHomePage.TestAmazonMain@36f6e879]" name="startExtent" is-config="true" duration-ms="0" started-at="2019-03-26T20:24:28Z" finished-at="2019-03-26T20:24:28Z">
          <params>
            <param index="0">
              <value>
                <![CDATA[public void TestHomePage.TestAmazonMain.getcategoryAppliances()]]>
              </value>
            </param>
          </params>
          <reporter-output>
          </reporter-output>
        </test-method> <!-- startExtent -->
        <test-method status="PASS" signature="initialize()[pri:0, instance:TestHomePage.TestAmazonMain@36f6e879]" name="initialize" is-config="true" duration-ms="1054" started-at="2019-03-26T20:24:28Z" finished-at="2019-03-26T20:24:29Z">
          <reporter-output>
          </reporter-output>
        </test-method> <!-- initialize -->
        <test-method status="PASS" signature="getcategoryAppliances()[pri:0, instance:TestHomePage.TestAmazonMain@36f6e879]" name="getcategoryAppliances" duration-ms="2345" started-at="2019-03-26T20:24:29Z" finished-at="2019-03-26T20:24:32Z">
          <reporter-output>
          </reporter-output>
        </test-method> <!-- getcategoryAppliances -->
        <test-method status="PASS" signature="afterEachTestMethod(org.testng.ITestResult)[pri:0, instance:TestHomePage.TestAmazonMain@36f6e879]" name="afterEachTestMethod" is-config="true" duration-ms="135" started-at="2019-03-26T20:24:32Z" finished-at="2019-03-26T20:24:32Z">
          <params>
            <param index="0">
              <value>
                <![CDATA[[TestResult name=getcategoryAppliances status=SUCCESS method=TestAmazonMain.getcategoryAppliances()[pri:0, instance:TestHomePage.TestAmazonMain@36f6e879] output={null}]]]>
              </value>
            </param>
          </params>
          <reporter-output>
          </reporter-output>
        </test-method> <!-- afterEachTestMethod -->
        <test-method status="PASS" signature="cleanUp()[pri:0, instance:TestHomePage.TestAmazonMain@36f6e879]" name="cleanUp" is-config="true" duration-ms="0" started-at="2019-03-26T20:24:32Z" finished-at="2019-03-26T20:24:32Z">
          <reporter-output>
          </reporter-output>
        </test-method> <!-- cleanUp -->
        <test-method status="PASS" signature="setUp(boolean, java.lang.String, java.lang.String, java.lang.String, java.lang.String, java.lang.String, java.lang.String)[pri:0, instance:TestHomePage.TestAmazonMain@36f6e879]" name="setUp" is-config="true" duration-ms="2487" started-at="2019-03-26T20:24:32Z" finished-at="2019-03-26T20:24:34Z">
          <params>
            <param index="0">
              <value>
                <![CDATA[false]]>
              </value>
            </param>
            <param index="1">
              <value>
                <![CDATA[false]]>
              </value>
            </param>
            <param index="2">
              <value>
                <![CDATA[OS X]]>
              </value>
            </param>
            <param index="3">
              <value>
                <![CDATA[10]]>
              </value>
            </param>
            <param index="4">
              <value>
                <![CDATA[chrome-options]]>
              </value>
            </param>
            <param index="5">
              <value>
                <![CDATA[34]]>
              </value>
            </param>
            <param index="6">
              <value>
                <![CDATA[http://www.amazon.com]]>
              </value>
            </param>
          </params>
          <reporter-output>
          </reporter-output>
        </test-method> <!-- setUp -->
        <test-method status="PASS" signature="initialize()[pri:0, instance:TestHomePage.TestAmazonMain@36f6e879]" name="initialize" is-config="true" duration-ms="1028" started-at="2019-03-26T20:24:34Z" finished-at="2019-03-26T20:24:35Z">
          <reporter-output>
          </reporter-output>
        </test-method> <!-- initialize -->
        <test-method status="PASS" signature="startExtent(java.lang.reflect.Method)[pri:0, instance:TestHomePage.TestAmazonMain@36f6e879]" name="startExtent" is-config="true" duration-ms="0" started-at="2019-03-26T20:24:34Z" finished-at="2019-03-26T20:24:34Z">
          <params>
            <param index="0">
              <value>
                <![CDATA[public void TestHomePage.TestAmazonMain.getcategoryArtCrafts()]]>
              </value>
            </param>
          </params>
          <reporter-output>
          </reporter-output>
        </test-method> <!-- startExtent -->
        <test-method status="PASS" signature="getcategoryArtCrafts()[pri:0, instance:TestHomePage.TestAmazonMain@36f6e879]" name="getcategoryArtCrafts" duration-ms="3416" started-at="2019-03-26T20:24:35Z" finished-at="2019-03-26T20:24:39Z">
          <reporter-output>
          </reporter-output>
        </test-method> <!-- getcategoryArtCrafts -->
        <test-method status="PASS" signature="afterEachTestMethod(org.testng.ITestResult)[pri:0, instance:TestHomePage.TestAmazonMain@36f6e879]" name="afterEachTestMethod" is-config="true" duration-ms="152" started-at="2019-03-26T20:24:39Z" finished-at="2019-03-26T20:24:39Z">
          <params>
            <param index="0">
              <value>
                <![CDATA[[TestResult name=getcategoryArtCrafts status=SUCCESS method=TestAmazonMain.getcategoryArtCrafts()[pri:0, instance:TestHomePage.TestAmazonMain@36f6e879] output={null}]]]>
              </value>
            </param>
          </params>
          <reporter-output>
          </reporter-output>
        </test-method> <!-- afterEachTestMethod -->
        <test-method status="PASS" signature="cleanUp()[pri:0, instance:TestHomePage.TestAmazonMain@36f6e879]" name="cleanUp" is-config="true" duration-ms="0" started-at="2019-03-26T20:24:39Z" finished-at="2019-03-26T20:24:39Z">
          <reporter-output>
          </reporter-output>
        </test-method> <!-- cleanUp -->
        <test-method status="PASS" signature="setUp(boolean, java.lang.String, java.lang.String, java.lang.String, java.lang.String, java.lang.String, java.lang.String)[pri:0, instance:TestHomePage.TestAmazonMain@36f6e879]" name="setUp" is-config="true" duration-ms="2019" started-at="2019-03-26T20:24:39Z" finished-at="2019-03-26T20:24:41Z">
          <params>
            <param index="0">
              <value>
                <![CDATA[false]]>
              </value>
            </param>
            <param index="1">
              <value>
                <![CDATA[false]]>
              </value>
            </param>
            <param index="2">
              <value>
                <![CDATA[OS X]]>
              </value>
            </param>
            <param index="3">
              <value>
                <![CDATA[10]]>
              </value>
            </param>
            <param index="4">
              <value>
                <![CDATA[chrome-options]]>
              </value>
            </param>
            <param index="5">
              <value>
                <![CDATA[34]]>
              </value>
            </param>
            <param index="6">
              <value>
                <![CDATA[http://www.amazon.com]]>
              </value>
            </param>
          </params>
          <reporter-output>
          </reporter-output>
        </test-method> <!-- setUp -->
        <test-method status="PASS" signature="startExtent(java.lang.reflect.Method)[pri:0, instance:TestHomePage.TestAmazonMain@36f6e879]" name="startExtent" is-config="true" duration-ms="0" started-at="2019-03-26T20:24:41Z" finished-at="2019-03-26T20:24:41Z">
          <params>
            <param index="0">
              <value>
                <![CDATA[public void TestHomePage.TestAmazonMain.getcategoryGames()]]>
              </value>
            </param>
          </params>
          <reporter-output>
          </reporter-output>
        </test-method> <!-- startExtent -->
        <test-method status="PASS" signature="initialize()[pri:0, instance:TestHomePage.TestAmazonMain@36f6e879]" name="initialize" is-config="true" duration-ms="1216" started-at="2019-03-26T20:24:41Z" finished-at="2019-03-26T20:24:42Z">
          <reporter-output>
          </reporter-output>
        </test-method> <!-- initialize -->
        <test-method status="PASS" signature="getcategoryGames()[pri:0, instance:TestHomePage.TestAmazonMain@36f6e879]" name="getcategoryGames" duration-ms="2894" started-at="2019-03-26T20:24:42Z" finished-at="2019-03-26T20:24:45Z">
          <reporter-output>
          </reporter-output>
        </test-method> <!-- getcategoryGames -->
        <test-method status="PASS" signature="afterEachTestMethod(org.testng.ITestResult)[pri:0, instance:TestHomePage.TestAmazonMain@36f6e879]" name="afterEachTestMethod" is-config="true" duration-ms="146" started-at="2019-03-26T20:24:45Z" finished-at="2019-03-26T20:24:45Z">
          <params>
            <param index="0">
              <value>
                <![CDATA[[TestResult name=getcategoryGames status=SUCCESS method=TestAmazonMain.getcategoryGames()[pri:0, instance:TestHomePage.TestAmazonMain@36f6e879] output={null}]]]>
              </value>
            </param>
          </params>
          <reporter-output>
          </reporter-output>
        </test-method> <!-- afterEachTestMethod -->
        <test-method status="PASS" signature="setUp(boolean, java.lang.String, java.lang.String, java.lang.String, java.lang.String, java.lang.String, java.lang.String)[pri:0, instance:TestHomePage.TestAmazonMain@36f6e879]" name="setUp" is-config="true" duration-ms="2376" started-at="2019-03-26T20:24:45Z" finished-at="2019-03-26T20:24:48Z">
          <params>
            <param index="0">
              <value>
                <![CDATA[false]]>
              </value>
            </param>
            <param index="1">
              <value>
                <![CDATA[false]]>
              </value>
            </param>
            <param index="2">
              <value>
                <![CDATA[OS X]]>
              </value>
            </param>
            <param index="3">
              <value>
                <![CDATA[10]]>
              </value>
            </param>
            <param index="4">
              <value>
                <![CDATA[chrome-options]]>
              </value>
            </param>
            <param index="5">
              <value>
                <![CDATA[34]]>
              </value>
            </param>
            <param index="6">
              <value>
                <![CDATA[http://www.amazon.com]]>
              </value>
            </param>
          </params>
          <reporter-output>
          </reporter-output>
        </test-method> <!-- setUp -->
        <test-method status="PASS" signature="cleanUp()[pri:0, instance:TestHomePage.TestAmazonMain@36f6e879]" name="cleanUp" is-config="true" duration-ms="0" started-at="2019-03-26T20:24:45Z" finished-at="2019-03-26T20:24:45Z">
          <reporter-output>
          </reporter-output>
        </test-method> <!-- cleanUp -->
        <test-method status="PASS" signature="startExtent(java.lang.reflect.Method)[pri:0, instance:TestHomePage.TestAmazonMain@36f6e879]" name="startExtent" is-config="true" duration-ms="0" started-at="2019-03-26T20:24:48Z" finished-at="2019-03-26T20:24:48Z">
          <params>
            <param index="0">
              <value>
                <![CDATA[public void TestHomePage.TestAmazonMain.getselectgridSelectPrime()]]>
              </value>
            </param>
          </params>
          <reporter-output>
          </reporter-output>
        </test-method> <!-- startExtent -->
        <test-method status="PASS" signature="initialize()[pri:0, instance:TestHomePage.TestAmazonMain@36f6e879]" name="initialize" is-config="true" duration-ms="1132" started-at="2019-03-26T20:24:48Z" finished-at="2019-03-26T20:24:49Z">
          <reporter-output>
          </reporter-output>
        </test-method> <!-- initialize -->
        <test-method status="PASS" signature="getselectgridSelectPrime()[pri:0, instance:TestHomePage.TestAmazonMain@36f6e879]" name="getselectgridSelectPrime" duration-ms="882" started-at="2019-03-26T20:24:49Z" finished-at="2019-03-26T20:24:50Z">
          <reporter-output>
          </reporter-output>
        </test-method> <!-- getselectgridSelectPrime -->
        <test-method status="PASS" signature="afterEachTestMethod(org.testng.ITestResult)[pri:0, instance:TestHomePage.TestAmazonMain@36f6e879]" name="afterEachTestMethod" is-config="true" duration-ms="129" started-at="2019-03-26T20:24:50Z" finished-at="2019-03-26T20:24:50Z">
          <params>
            <param index="0">
              <value>
                <![CDATA[[TestResult name=getselectgridSelectPrime status=SUCCESS method=TestAmazonMain.getselectgridSelectPrime()[pri:0, instance:TestHomePage.TestAmazonMain@36f6e879] output={null}]]]>
              </value>
            </param>
          </params>
          <reporter-output>
          </reporter-output>
        </test-method> <!-- afterEachTestMethod -->
        <test-method status="PASS" signature="cleanUp()[pri:0, instance:TestHomePage.TestAmazonMain@36f6e879]" name="cleanUp" is-config="true" duration-ms="0" started-at="2019-03-26T20:24:50Z" finished-at="2019-03-26T20:24:50Z">
          <reporter-output>
          </reporter-output>
        </test-method> <!-- cleanUp -->
        <test-method status="PASS" signature="setUp(boolean, java.lang.String, java.lang.String, java.lang.String, java.lang.String, java.lang.String, java.lang.String)[pri:0, instance:TestHomePage.TestAmazonMain@36f6e879]" name="setUp" is-config="true" duration-ms="2142" started-at="2019-03-26T20:24:50Z" finished-at="2019-03-26T20:24:52Z">
          <params>
            <param index="0">
              <value>
                <![CDATA[false]]>
              </value>
            </param>
            <param index="1">
              <value>
                <![CDATA[false]]>
              </value>
            </param>
            <param index="2">
              <value>
                <![CDATA[OS X]]>
              </value>
            </param>
            <param index="3">
              <value>
                <![CDATA[10]]>
              </value>
            </param>
            <param index="4">
              <value>
                <![CDATA[chrome-options]]>
              </value>
            </param>
            <param index="5">
              <value>
                <![CDATA[34]]>
              </value>
            </param>
            <param index="6">
              <value>
                <![CDATA[http://www.amazon.com]]>
              </value>
            </param>
          </params>
          <reporter-output>
          </reporter-output>
        </test-method> <!-- setUp -->
        <test-method status="PASS" signature="startExtent(java.lang.reflect.Method)[pri:0, instance:TestHomePage.TestAmazonMain@36f6e879]" name="startExtent" is-config="true" duration-ms="0" started-at="2019-03-26T20:24:52Z" finished-at="2019-03-26T20:24:52Z">
          <params>
            <param index="0">
              <value>
                <![CDATA[public void TestHomePage.TestAmazonMain.getshowAlexaSkills()]]>
              </value>
            </param>
          </params>
          <reporter-output>
          </reporter-output>
        </test-method> <!-- startExtent -->
        <test-method status="PASS" signature="initialize()[pri:0, instance:TestHomePage.TestAmazonMain@36f6e879]" name="initialize" is-config="true" duration-ms="1506" started-at="2019-03-26T20:24:52Z" finished-at="2019-03-26T20:24:53Z">
          <reporter-output>
          </reporter-output>
        </test-method> <!-- initialize -->
        <test-method status="PASS" signature="getshowAlexaSkills()[pri:0, instance:TestHomePage.TestAmazonMain@36f6e879]" name="getshowAlexaSkills" duration-ms="596" started-at="2019-03-26T20:24:53Z" finished-at="2019-03-26T20:24:54Z">
          <reporter-output>
          </reporter-output>
        </test-method> <!-- getshowAlexaSkills -->
        <test-method status="PASS" signature="afterEachTestMethod(org.testng.ITestResult)[pri:0, instance:TestHomePage.TestAmazonMain@36f6e879]" name="afterEachTestMethod" is-config="true" duration-ms="134" started-at="2019-03-26T20:24:54Z" finished-at="2019-03-26T20:24:54Z">
          <params>
            <param index="0">
              <value>
                <![CDATA[[TestResult name=getshowAlexaSkills status=SUCCESS method=TestAmazonMain.getshowAlexaSkills()[pri:0, instance:TestHomePage.TestAmazonMain@36f6e879] output={null}]]]>
              </value>
            </param>
          </params>
          <reporter-output>
          </reporter-output>
        </test-method> <!-- afterEachTestMethod -->
        <test-method status="PASS" signature="cleanUp()[pri:0, instance:TestHomePage.TestAmazonMain@36f6e879]" name="cleanUp" is-config="true" duration-ms="1" started-at="2019-03-26T20:24:54Z" finished-at="2019-03-26T20:24:54Z">
          <reporter-output>
          </reporter-output>
        </test-method> <!-- cleanUp -->
      </class> <!-- TestHomePage.TestAmazonMain -->
      <class name="TestHomePage.TestAmazonCategories">
        <test-method status="PASS" signature="setUp(boolean, java.lang.String, java.lang.String, java.lang.String, java.lang.String, java.lang.String, java.lang.String)[pri:0, instance:TestHomePage.TestAmazonCategories@54a097cc]" name="setUp" is-config="true" duration-ms="2261" started-at="2019-03-26T20:20:46Z" finished-at="2019-03-26T20:20:48Z">
          <params>
            <param index="0">
              <value>
                <![CDATA[false]]>
              </value>
            </param>
            <param index="1">
              <value>
                <![CDATA[false]]>
              </value>
            </param>
            <param index="2">
              <value>
                <![CDATA[OS X]]>
              </value>
            </param>
            <param index="3">
              <value>
                <![CDATA[10]]>
              </value>
            </param>
            <param index="4">
              <value>
                <![CDATA[chrome-options]]>
              </value>
            </param>
            <param index="5">
              <value>
                <![CDATA[34]]>
              </value>
            </param>
            <param index="6">
              <value>
                <![CDATA[http://www.amazon.com]]>
              </value>
            </param>
          </params>
          <reporter-output>
          </reporter-output>
        </test-method> <!-- setUp -->
        <test-method status="PASS" signature="startExtent(java.lang.reflect.Method)[pri:0, instance:TestHomePage.TestAmazonCategories@54a097cc]" name="startExtent" is-config="true" duration-ms="0" started-at="2019-03-26T20:20:48Z" finished-at="2019-03-26T20:20:48Z">
          <params>
            <param index="0">
              <value>
                <![CDATA[public void TestHomePage.TestAmazonCategories.getBabyFashion()]]>
              </value>
            </param>
          </params>
          <reporter-output>
          </reporter-output>
        </test-method> <!-- startExtent -->
        <test-method status="PASS" signature="initialize()[pri:0, instance:TestHomePage.TestAmazonCategories@54a097cc]" name="initialize" is-config="true" duration-ms="1023" started-at="2019-03-26T20:20:48Z" finished-at="2019-03-26T20:20:49Z">
          <reporter-output>
          </reporter-output>
        </test-method> <!-- initialize -->
        <test-method status="PASS" signature="getBabyFashion()[pri:0, instance:TestHomePage.TestAmazonCategories@54a097cc]" name="getBabyFashion" duration-ms="2197" started-at="2019-03-26T20:20:49Z" finished-at="2019-03-26T20:20:52Z">
          <reporter-output>
          </reporter-output>
        </test-method> <!-- getBabyFashion -->
        <test-method status="PASS" signature="afterEachTestMethod(org.testng.ITestResult)[pri:0, instance:TestHomePage.TestAmazonCategories@54a097cc]" name="afterEachTestMethod" is-config="true" duration-ms="150" started-at="2019-03-26T20:20:52Z" finished-at="2019-03-26T20:20:52Z">
          <params>
            <param index="0">
              <value>
                <![CDATA[[TestResult name=getBabyFashion status=SUCCESS method=TestAmazonCategories.getBabyFashion()[pri:0, instance:TestHomePage.TestAmazonCategories@54a097cc] output={null}]]]>
              </value>
            </param>
          </params>
          <reporter-output>
          </reporter-output>
        </test-method> <!-- afterEachTestMethod -->
        <test-method status="PASS" signature="setUp(boolean, java.lang.String, java.lang.String, java.lang.String, java.lang.String, java.lang.String, java.lang.String)[pri:0, instance:TestHomePage.TestAmazonCategories@54a097cc]" name="setUp" is-config="true" duration-ms="2057" started-at="2019-03-26T20:20:52Z" finished-at="2019-03-26T20:20:54Z">
          <params>
            <param index="0">
              <value>
                <![CDATA[false]]>
              </value>
            </param>
            <param index="1">
              <value>
[...]
          </reporter-output>
        </test-method> <!-- getWarehouseDeals -->
        <test-method status="PASS" signature="afterEachTestMethod(org.testng.ITestResult)[pri:0, instance:TestHomePage.TestAmazonCategories@54a097cc]" name="afterEachTestMethod" is-config="true" duration-ms="146" started-at="2019-03-26T20:22:29Z" finished-at="2019-03-26T20:22:29Z">
          <params>
            <param index="0">
              <value>
                <![CDATA[[TestResult name=getWarehouseDeals status=SUCCESS method=TestAmazonCategories.getWarehouseDeals()[pri:0, instance:TestHomePage.TestAmazonCategories@54a097cc] output={null}]]]>
              </value>
            </param>
          </params>
          <reporter-output>
          </reporter-output>
        </test-method> <!-- afterEachTestMethod -->
        <test-method status="PASS" signature="cleanUp()[pri:0, instance:TestHomePage.TestAmazonCategories@54a097cc]" name="cleanUp" is-config="true" duration-ms="0" started-at="2019-03-26T20:22:29Z" finished-at="2019-03-26T20:22:29Z">
          <reporter-output>
          </reporter-output>
        </test-method> <!-- cleanUp -->
        <test-method status="PASS" signature="setUp(boolean, java.lang.String, java.lang.String, java.lang.String, java.lang.String, java.lang.String, java.lang.String)[pri:0, instance:TestHomePage.TestAmazonCategories@54a097cc]" name="setUp" is-config="true" duration-ms="2603" started-at="2019-03-26T20:22:29Z" finished-at="2019-03-26T20:22:32Z">
          <params>
            <param index="0">
              <value>
                <![CDATA[false]]>
              </value>
            </param>
            <param index="1">
              <value>
                <![CDATA[false]]>
              </value>
            </param>
            <param index="2">
              <value>
                <![CDATA[OS X]]>
              </value>
            </param>
            <param index="3">
              <value>
                <![CDATA[10]]>
              </value>
            </param>
            <param index="4">
              <value>
                <![CDATA[chrome-options]]>
              </value>
            </param>
            <param index="5">
              <value>
                <![CDATA[34]]>
              </value>
            </param>
            <param index="6">
              <value>
                <![CDATA[http://www.amazon.com]]>
              </value>
            </param>
          </params>
          <reporter-output>
          </reporter-output>
        </test-method> <!-- setUp -->
        <test-method status="PASS" signature="startExtent(java.lang.reflect.Method)[pri:0, instance:TestHomePage.TestAmazonCategories@54a097cc]" name="startExtent" is-config="true" duration-ms="1" started-at="2019-03-26T20:22:32Z" finished-at="2019-03-26T20:22:32Z">
          <params>
            <param index="0">
              <value>
                <![CDATA[public void TestHomePage.TestAmazonCategories.getfineart()]]>
              </value>
            </param>
          </params>
          <reporter-output>
          </reporter-output>
        </test-method> <!-- startExtent -->
        <test-method status="PASS" signature="initialize()[pri:0, instance:TestHomePage.TestAmazonCategories@54a097cc]" name="initialize" is-config="true" duration-ms="1144" started-at="2019-03-26T20:22:32Z" finished-at="2019-03-26T20:22:33Z">
          <reporter-output>
          </reporter-output>
        </test-method> <!-- initialize -->
        <test-method status="PASS" signature="getfineart()[pri:0, instance:TestHomePage.TestAmazonCategories@54a097cc]" name="getfineart" duration-ms="3360" started-at="2019-03-26T20:22:33Z" finished-at="2019-03-26T20:22:37Z">
          <reporter-output>
          </reporter-output>
        </test-method> <!-- getfineart -->
        <test-method status="PASS" signature="afterEachTestMethod(org.testng.ITestResult)[pri:0, instance:TestHomePage.TestAmazonCategories@54a097cc]" name="afterEachTestMethod" is-config="true" duration-ms="163" started-at="2019-03-26T20:22:37Z" finished-at="2019-03-26T20:22:37Z">
          <params>
            <param index="0">
              <value>
                <![CDATA[[TestResult name=getfineart status=SUCCESS method=TestAmazonCategories.getfineart()[pri:0, instance:TestHomePage.TestAmazonCategories@54a097cc] output={null}]]]>
              </value>
            </param>
          </params>
          <reporter-output>
          </reporter-output>
        </test-method> <!-- afterEachTestMethod -->
        <test-method status="PASS" signature="setUp(boolean, java.lang.String, java.lang.String, java.lang.String, java.lang.String, java.lang.String, java.lang.String)[pri:0, instance:TestHomePage.TestAmazonCategories@54a097cc]" name="setUp" is-config="true" duration-ms="2291" started-at="2019-03-26T20:22:37Z" finished-at="2019-03-26T20:22:39Z">
          <params>
            <param index="0">
              <value>
                <![CDATA[false]]>
              </value>
            </param>
            <param index="1">
              <value>
                <![CDATA[false]]>
              </value>
            </param>
            <param index="2">
              <value>
                <![CDATA[OS X]]>
              </value>
            </param>
            <param index="3">
              <value>
                <![CDATA[10]]>
              </value>
            </param>
            <param index="4">
              <value>
                <![CDATA[chrome-options]]>
              </value>
            </param>
            <param index="5">
              <value>
                <![CDATA[34]]>
              </value>
            </param>
            <param index="6">
              <value>
                <![CDATA[http://www.amazon.com]]>
              </value>
            </param>
          </params>
          <reporter-output>
          </reporter-output>
        </test-method> <!-- setUp -->
        <test-method status="PASS" signature="cleanUp()[pri:0, instance:TestHomePage.TestAmazonCategories@54a097cc]" name="cleanUp" is-config="true" duration-ms="0" started-at="2019-03-26T20:22:37Z" finished-at="2019-03-26T20:22:37Z">
          <reporter-output>
          </reporter-output>
        </test-method> <!-- cleanUp -->
        <test-method status="PASS" signature="startExtent(java.lang.reflect.Method)[pri:0, instance:TestHomePage.TestAmazonCategories@54a097cc]" name="startExtent" is-config="true" duration-ms="0" started-at="2019-03-26T20:22:39Z" finished-at="2019-03-26T20:22:39Z">
          <params>
            <param index="0">
              <value>
                <![CDATA[public void TestHomePage.TestAmazonCategories.getitemsofBoys()]]>
              </value>
            </param>
          </params>
          <reporter-output>
          </reporter-output>
        </test-method> <!-- startExtent -->
        <test-method status="PASS" signature="initialize()[pri:0, instance:TestHomePage.TestAmazonCategories@54a097cc]" name="initialize" is-config="true" duration-ms="1652" started-at="2019-03-26T20:22:39Z" finished-at="2019-03-26T20:22:41Z">
          <reporter-output>
          </reporter-output>
        </test-method> <!-- initialize -->
        <test-method status="PASS" signature="getitemsofBoys()[pri:0, instance:TestHomePage.TestAmazonCategories@54a097cc]" name="getitemsofBoys" duration-ms="3491" started-at="2019-03-26T20:22:41Z" finished-at="2019-03-26T20:22:44Z">
          <reporter-output>
          </reporter-output>
        </test-method> <!-- getitemsofBoys -->
        <test-method status="PASS" signature="afterEachTestMethod(org.testng.ITestResult)[pri:0, instance:TestHomePage.TestAmazonCategories@54a097cc]" name="afterEachTestMethod" is-config="true" duration-ms="163" started-at="2019-03-26T20:22:44Z" finished-at="2019-03-26T20:22:44Z">
          <params>
            <param index="0">
              <value>
                <![CDATA[[TestResult name=getitemsofBoys status=SUCCESS method=TestAmazonCategories.getitemsofBoys()[pri:0, instance:TestHomePage.TestAmazonCategories@54a097cc] output={null}]]]>
              </value>
            </param>
          </params>
          <reporter-output>
          </reporter-output>
        </test-method> <!-- afterEachTestMethod -->
        <test-method status="PASS" signature="setUp(boolean, java.lang.String, java.lang.String, java.lang.String, java.lang.String, java.lang.String, java.lang.String)[pri:0, instance:TestHomePage.TestAmazonCategories@54a097cc]" name="setUp" is-config="true" duration-ms="2503" started-at="2019-03-26T20:22:44Z" finished-at="2019-03-26T20:22:47Z">
          <params>
            <param index="0">
              <value>
                <![CDATA[false]]>
              </value>
            </param>
            <param index="1">
              <value>
                <![CDATA[false]]>
              </value>
            </param>
            <param index="2">
              <value>
                <![CDATA[OS X]]>
              </value>
            </param>
            <param index="3">
              <value>
                <![CDATA[10]]>
              </value>
            </param>
            <param index="4">
              <value>
                <![CDATA[chrome-options]]>
              </value>
            </param>
            <param index="5">
              <value>
                <![CDATA[34]]>
              </value>
            </param>
            <param index="6">
              <value>
                <![CDATA[http://www.amazon.com]]>
              </value>
            </param>
          </params>
          <reporter-output>
          </reporter-output>
        </test-method> <!-- setUp -->
        <test-method status="PASS" signature="cleanUp()[pri:0, instance:TestHomePage.TestAmazonCategories@54a097cc]" name="cleanUp" is-config="true" duration-ms="0" started-at="2019-03-26T20:22:44Z" finished-at="2019-03-26T20:22:44Z">
          <reporter-output>
          </reporter-output>
        </test-method> <!-- cleanUp -->
        <test-method status="PASS" signature="startExtent(java.lang.reflect.Method)[pri:0, instance:TestHomePage.TestAmazonCategories@54a097cc]" name="startExtent" is-config="true" duration-ms="1" started-at="2019-03-26T20:22:47Z" finished-at="2019-03-26T20:22:47Z">
          <params>
            <param index="0">
              <value>
                <![CDATA[public void TestHomePage.TestAmazonCategories.getitemsofGirls()]]>
              </value>
            </param>
          </params>
          <reporter-output>
          </reporter-output>
        </test-method> <!-- startExtent -->
        <test-method status="PASS" signature="initialize()[pri:0, instance:TestHomePage.TestAmazonCategories@54a097cc]" name="initialize" is-config="true" duration-ms="1817" started-at="2019-03-26T20:22:47Z" finished-at="2019-03-26T20:22:49Z">
          <reporter-output>
          </reporter-output>
        </test-method> <!-- initialize -->
        <test-method status="PASS" signature="getitemsofGirls()[pri:0, instance:TestHomePage.TestAmazonCategories@54a097cc]" name="getitemsofGirls" duration-ms="3081" started-at="2019-03-26T20:22:49Z" finished-at="2019-03-26T20:22:52Z">
          <reporter-output>
          </reporter-output>
        </test-method> <!-- getitemsofGirls -->
        <test-method status="PASS" signature="afterEachTestMethod(org.testng.ITestResult)[pri:0, instance:TestHomePage.TestAmazonCategories@54a097cc]" name="afterEachTestMethod" is-config="true" duration-ms="186" started-at="2019-03-26T20:22:52Z" finished-at="2019-03-26T20:22:52Z">
          <params>
            <param index="0">
              <value>
                <![CDATA[[TestResult name=getitemsofGirls status=SUCCESS method=TestAmazonCategories.getitemsofGirls()[pri:0, instance:TestHomePage.TestAmazonCategories@54a097cc] output={null}]]]>
              </value>
            </param>
          </params>
          <reporter-output>
          </reporter-output>
        </test-method> <!-- afterEachTestMethod -->
        <test-method status="PASS" signature="cleanUp()[pri:0, instance:TestHomePage.TestAmazonCategories@54a097cc]" name="cleanUp" is-config="true" duration-ms="1" started-at="2019-03-26T20:22:52Z" finished-at="2019-03-26T20:22:52Z">
          <reporter-output>
          </reporter-output>
        </test-method> <!-- cleanUp -->
        <test-method status="PASS" signature="setUp(boolean, java.lang.String, java.lang.String, java.lang.String, java.lang.String, java.lang.String, java.lang.String)[pri:0, instance:TestHomePage.TestAmazonCategories@54a097cc]" name="setUp" is-config="true" duration-ms="3138" started-at="2019-03-26T20:22:52Z" finished-at="2019-03-26T20:22:55Z">
          <params>
            <param index="0">
              <value>
                <![CDATA[false]]>
              </value>
            </param>
            <param index="1">
              <value>
                <![CDATA[false]]>
              </value>
            </param>
            <param index="2">
              <value>
                <![CDATA[OS X]]>
              </value>
            </param>
            <param index="3">
              <value>
                <![CDATA[10]]>
              </value>
            </param>
            <param index="4">
              <value>
                <![CDATA[chrome-options]]>
              </value>
            </param>
            <param index="5">
              <value>
                <![CDATA[34]]>
              </value>
            </param>
            <param index="6">
              <value>
                <![CDATA[http://www.amazon.com]]>
              </value>
            </param>
          </params>
          <reporter-output>
          </reporter-output>
        </test-method> <!-- setUp -->
        <test-method status="PASS" signature="initialize()[pri:0, instance:TestHomePage.TestAmazonCategories@54a097cc]" name="initialize" is-config="true" duration-ms="1987" started-at="2019-03-26T20:22:55Z" finished-at="2019-03-26T20:22:57Z">
          <reporter-output>
          </reporter-output>
        </test-method> <!-- initialize -->
        <test-method status="PASS" signature="startExtent(java.lang.reflect.Method)[pri:0, instance:TestHomePage.TestAmazonCategories@54a097cc]" name="startExtent" is-config="true" duration-ms="0" started-at="2019-03-26T20:22:55Z" finished-at="2019-03-26T20:22:55Z">
          <params>
            <param index="0">
              <value>
                <![CDATA[public void TestHomePage.TestAmazonCategories.getitemsofMen()]]>
              </value>
            </param>
          </params>
          <reporter-output>
          </reporter-output>
        </test-method> <!-- startExtent -->
        <test-method status="PASS" signature="getitemsofMen()[pri:0, instance:TestHomePage.TestAmazonCategories@54a097cc]" name="getitemsofMen" duration-ms="529" started-at="2019-03-26T20:22:57Z" finished-at="2019-03-26T20:22:58Z">
          <reporter-output>
          </reporter-output>
        </test-method> <!-- getitemsofMen -->
        <test-method status="PASS" signature="afterEachTestMethod(org.testng.ITestResult)[pri:0, instance:TestHomePage.TestAmazonCategories@54a097cc]" name="afterEachTestMethod" is-config="true" duration-ms="154" started-at="2019-03-26T20:22:58Z" finished-at="2019-03-26T20:22:58Z">
          <params>
            <param index="0">
              <value>
                <![CDATA[[TestResult name=getitemsofMen status=SUCCESS method=TestAmazonCategories.getitemsofMen()[pri:0, instance:TestHomePage.TestAmazonCategories@54a097cc] output={null}]]]>
              </value>
            </param>
          </params>
          <reporter-output>
          </reporter-output>
        </test-method> <!-- afterEachTestMethod -->
        <test-method status="PASS" signature="setUp(boolean, java.lang.String, java.lang.String, java.lang.String, java.lang.String, java.lang.String, java.lang.String)[pri:0, instance:TestHomePage.TestAmazonCategories@54a097cc]" name="setUp" is-config="true" duration-ms="2324" started-at="2019-03-26T20:22:58Z" finished-at="2019-03-26T20:23:00Z">
          <params>
            <param index="0">
              <value>
                <![CDATA[false]]>
              </value>
            </param>
            <param index="1">
              <value>
                <![CDATA[false]]>
              </value>
            </param>
            <param index="2">
              <value>
                <![CDATA[OS X]]>
              </value>
            </param>
            <param index="3">
              <value>
                <![CDATA[10]]>
              </value>
            </param>
            <param index="4">
              <value>
                <![CDATA[chrome-options]]>
              </value>
            </param>
            <param index="5">
              <value>
                <![CDATA[34]]>
              </value>
            </param>
            <param index="6">
              <value>
                <![CDATA[http://www.amazon.com]]>
              </value>
            </param>
          </params>
          <reporter-output>
          </reporter-output>
        </test-method> <!-- setUp -->
        <test-method status="PASS" signature="cleanUp()[pri:0, instance:TestHomePage.TestAmazonCategories@54a097cc]" name="cleanUp" is-config="true" duration-ms="0" started-at="2019-03-26T20:22:58Z" finished-at="2019-03-26T20:22:58Z">
          <reporter-output>
          </reporter-output>
        </test-method> <!-- cleanUp -->
        <test-method status="PASS" signature="startExtent(java.lang.reflect.Method)[pri:0, instance:TestHomePage.TestAmazonCategories@54a097cc]" name="startExtent" is-config="true" duration-ms="0" started-at="2019-03-26T20:23:00Z" finished-at="2019-03-26T20:23:00Z">
          <params>
            <param index="0">
              <value>
                <![CDATA[public void TestHomePage.TestAmazonCategories.getitemsofWomen()]]>
              </value>
            </param>
          </params>
          <reporter-output>
          </reporter-output>
        </test-method> <!-- startExtent -->
        <test-method status="PASS" signature="initialize()[pri:0, instance:TestHomePage.TestAmazonCategories@54a097cc]" name="initialize" is-config="true" duration-ms="1415" started-at="2019-03-26T20:23:00Z" finished-at="2019-03-26T20:23:01Z">
          <reporter-output>
          </reporter-output>
        </test-method> <!-- initialize -->
        <test-method status="PASS" signature="getitemsofWomen()[pri:0, instance:TestHomePage.TestAmazonCategories@54a097cc]" name="getitemsofWomen" duration-ms="3002" started-at="2019-03-26T20:23:01Z" finished-at="2019-03-26T20:23:04Z">
          <reporter-output>
          </reporter-output>
        </test-method> <!-- getitemsofWomen -->
        <test-method status="PASS" signature="afterEachTestMethod(org.testng.ITestResult)[pri:0, instance:TestHomePage.TestAmazonCategories@54a097cc]" name="afterEachTestMethod" is-config="true" duration-ms="204" started-at="2019-03-26T20:23:04Z" finished-at="2019-03-26T20:23:05Z">
          <params>
            <param index="0">
              <value>
                <![CDATA[[TestResult name=getitemsofWomen status=SUCCESS method=TestAmazonCategories.getitemsofWomen()[pri:0, instance:TestHomePage.TestAmazonCategories@54a097cc] output={null}]]]>
              </value>
            </param>
          </params>
          <reporter-output>
          </reporter-output>
        </test-method> <!-- afterEachTestMethod -->
        <test-method status="PASS" signature="cleanUp()[pri:0, instance:TestHomePage.TestAmazonCategories@54a097cc]" name="cleanUp" is-config="true" duration-ms="0" started-at="2019-03-26T20:23:05Z" finished-at="2019-03-26T20:23:05Z">
          <reporter-output>
          </reporter-output>
        </test-method> <!-- cleanUp -->
      </class> <!-- TestHomePage.TestAmazonCategories -->
    </test> <!-- Command line test -->
  </suite> <!-- Command line suite -->
</testng-results>
