<?xml version="1.0" encoding="UTF-8" ?>
<testsuite tests="18" failures="0" name="TestHomePage.TestAmazonMain" time="35.022" errors="0" skipped="0">
  <properties>
[...]
</properties>
  <testcase classname="TestHomePage.TestAmazonMain" name="getArtsAutomotive" time="2.493"/>
  <testcase classname="TestHomePage.TestAmazonMain" name="getAutomotiveParts" time="2.056"/>
  <testcase classname="TestHomePage.TestAmazonMain" name="getBeautyPersonal" time="3.181"/>
  <testcase classname="TestHomePage.TestAmazonMain" name="getBooks" time="2.656"/>
  <testcase classname="TestHomePage.TestAmazonMain" name="getCD" time="2.053"/>
  <testcase classname="TestHomePage.TestAmazonMain" name="getClicktryPrime" time="0.965"/>
  <testcase classname="TestHomePage.TestAmazonMain" name="getDeliverto" time="0.132"/>
  <testcase classname="TestHomePage.TestAmazonMain" name="getSearchbar" time="0.508"/>
  <testcase classname="TestHomePage.TestAmazonMain" name="getSearchitem" time="1.456"/>
  <testcase classname="TestHomePage.TestAmazonMain" name="getSearchitems" time="0.374"/>
  <testcase classname="TestHomePage.TestAmazonMain" name="getamazonFresh" time="3.086"/>
  <testcase classname="TestHomePage.TestAmazonMain" name="getcategorieBaby" time="2.906"/>
  <testcase classname="TestHomePage.TestAmazonMain" name="getcategoryAlexa" time="3.724"/>
  <testcase classname="TestHomePage.TestAmazonMain" name="getcategoryAppliances" time="2.334"/>
  <testcase classname="TestHomePage.TestAmazonMain" name="getcategoryArtCrafts" time="3.288"/>
  <testcase classname="TestHomePage.TestAmazonMain" name="getcategoryGames" time="2.249"/>
  <testcase classname="TestHomePage.TestAmazonMain" name="getselectgridSelectPrime" time="1.009"/>
  <testcase classname="TestHomePage.TestAmazonMain" name="getshowAlexaSkills" time="0.552"/>
</testsuite>