<?xml version="1.0" encoding="UTF-8"?>
<testng-results skipped="0" failed="0" ignored="0" total="18" passed="18">
  <reporter-output>
    <line>
      <![CDATA[Extent Report Directory/Users/jenniferstephen/ComWebAutomationGroup7/Amazon/target/surefire-reports/html]]>
    </line>
  </reporter-output>
  <suite name="TestHomePage.TestAmazonMain" duration-ms="100582" started-at="2019-03-26T19:12:47Z" finished-at="2019-03-26T19:14:27Z">
    <groups>
    </groups>
    <test name="Command line test" duration-ms="100582" started-at="2019-03-26T19:12:47Z" finished-at="2019-03-26T19:14:27Z">
      <class name="TestHomePage.TestAmazonMain">
        <test-method status="PASS" signature="extentSetup(org.testng.ITestContext)[pri:0, instance:TestHomePage.TestAmazonMain@67b6d4ae]" name="extentSetup" is-config="true" duration-ms="123" started-at="2019-03-26T19:12:46Z" finished-at="2019-03-26T19:12:47Z">
          <params>
            <param index="0">
              <value>
                <![CDATA[org.testng.TestRunner@38320e34]]>
              </value>
            </param>
          </params>
          <reporter-output>
            <line>
              <![CDATA[Extent Report Directory/Users/jenniferstephen/ComWebAutomationGroup7/Amazon/target/surefire-reports/html]]>
            </line>
          </reporter-output>
        </test-method> <!-- extentSetup -->
        <test-method status="PASS" signature="setUp(boolean, java.lang.String, java.lang.String, java.lang.String, java.lang.String, java.lang.String, java.lang.String)[pri:0, instance:TestHomePage.TestAmazonMain@67b6d4ae]" name="setUp" is-config="true" duration-ms="2372" started-at="2019-03-26T19:12:47Z" finished-at="2019-03-26T19:12:49Z">
          <params>
            <param index="0">
              <value>
                <![CDATA[false]]>
              </value>
            </param>
            <param index="1">
              <value>
                <![CDATA[false]]>
              </value>
            </param>
            <param index="2">
              <value>
                <![CDATA[OS X]]>
              </value>
            </param>
            <param index="3">
              <value>
                <![CDATA[10]]>
              </value>
            </param>
            <param index="4">
              <value>
                <![CDATA[chrome-options]]>
              </value>
            </param>
            <param index="5">
              <value>
                <![CDATA[34]]>
              </value>
            </param>
            <param index="6">
              <value>
                <![CDATA[http://www.amazon.com]]>
              </value>
            </param>
          </params>
          <reporter-output>
          </reporter-output>
        </test-method> <!-- setUp -->
        <test-method status="PASS" signature="startExtent(java.lang.reflect.Method)[pri:0, instance:TestHomePage.TestAmazonMain@67b6d4ae]" name="startExtent" is-config="true" duration-ms="4" started-at="2019-03-26T19:12:49Z" finished-at="2019-03-26T19:12:49Z">
          <params>
            <param index="0">
              <value>
                <![CDATA[public void TestHomePage.TestAmazonMain.getArtsAutomotive()]]>
              </value>
            </param>
          </params>
          <reporter-output>
          </reporter-output>
        </test-method> <!-- startExtent -->
        <test-method status="PASS" signature="initialize()[pri:0, instance:TestHomePage.TestAmazonMain@67b6d4ae]" name="initialize" is-config="true" duration-ms="1585" started-at="2019-03-26T19:12:49Z" finished-at="2019-03-26T19:12:50Z">
          <reporter-output>
          </reporter-output>
        </test-method> <!-- initialize -->
        <test-method status="PASS" signature="getArtsAutomotive()[pri:0, instance:TestHomePage.TestAmazonMain@67b6d4ae]" name="getArtsAutomotive" duration-ms="2494" started-at="2019-03-26T19:12:50Z" finished-at="2019-03-26T19:12:53Z">
          <reporter-output>
          </reporter-output>
        </test-method> <!-- getArtsAutomotive -->
        <test-method status="PASS" signature="afterEachTestMethod(org.testng.ITestResult)[pri:0, instance:TestHomePage.TestAmazonMain@67b6d4ae]" name="afterEachTestMethod" is-config="true" duration-ms="278" started-at="2019-03-26T19:12:53Z" finished-at="2019-03-26T19:12:53Z">
          <params>
            <param index="0">
              <value>
                <![CDATA[[TestResult name=getArtsAutomotive status=SUCCESS method=TestAmazonMain.getArtsAutomotive()[pri:0, instance:TestHomePage.TestAmazonMain@67b6d4ae] output={null}]]]>
              </value>
            </param>
          </params>
          <reporter-output>
          </reporter-output>
        </test-method> <!-- afterEachTestMethod -->
        <test-method status="PASS" signature="cleanUp()[pri:0, instance:TestHomePage.TestAmazonMain@67b6d4ae]" name="cleanUp" is-config="true" duration-ms="0" started-at="2019-03-26T19:12:53Z" finished-at="2019-03-26T19:12:53Z">
          <reporter-output>
          </reporter-output>
        </test-method> <!-- cleanUp -->
        <test-method status="PASS" signature="setUp(boolean, java.lang.String, java.lang.String, java.lang.String, java.lang.String, java.lang.String, java.lang.String)[pri:0, instance:TestHomePage.TestAmazonMain@67b6d4ae]" name="setUp" is-config="true" duration-ms="2488" started-at="2019-03-26T19:12:53Z" finished-at="2019-03-26T19:12:56Z">
          <params>
            <param index="0">
              <value>
                <![CDATA[false]]>
              </value>
            </param>
            <param index="1">
              <value>
                <![CDATA[false]]>
              </value>
            </param>
            <param index="2">
              <value>
                <![CDATA[OS X]]>
              </value>
            </param>
            <param index="3">
              <value>
                <![CDATA[10]]>
              </value>
            </param>
            <param index="4">
              <value>
                <![CDATA[chrome-options]]>
              </value>
            </param>
            <param index="5">
              <value>
                <![CDATA[34]]>
              </value>
            </param>
            <param index="6">
              <value>
                <![CDATA[http://www.amazon.com]]>
              </value>
            </param>
          </params>
          <reporter-output>
          </reporter-output>
        </test-method> <!-- setUp -->
        <test-method status="PASS" signature="initialize()[pri:0, instance:TestHomePage.TestAmazonMain@67b6d4ae]" name="initialize" is-config="true" duration-ms="836" started-at="2019-03-26T19:12:56Z" finished-at="2019-03-26T19:12:57Z">
          <reporter-output>
          </reporter-output>
        </test-method> <!-- initialize -->
        <test-method status="PASS" signature="startExtent(java.lang.reflect.Method)[pri:0, instance:TestHomePage.TestAmazonMain@67b6d4ae]" name="startExtent" is-config="true" duration-ms="0" started-at="2019-03-26T19:12:56Z" finished-at="2019-03-26T19:12:56Z">
          <params>
            <param index="0">
              <value>
                <![CDATA[public void TestHomePage.TestAmazonMain.getAutomotiveParts()]]>
              </value>
            </param>
          </params>
          <reporter-output>
          </reporter-output>
        </test-method> <!-- startExtent -->
        <test-method status="PASS" signature="getAutomotiveParts()[pri:0, instance:TestHomePage.TestAmazonMain@67b6d4ae]" name="getAutomotiveParts" duration-ms="2056" started-at="2019-03-26T19:12:57Z" finished-at="2019-03-26T19:12:59Z">
          <reporter-output>
          </reporter-output>
        </test-method> <!-- getAutomotiveParts -->
        <test-method status="PASS" signature="afterEachTestMethod(org.testng.ITestResult)[pri:0, instance:TestHomePage.TestAmazonMain@67b6d4ae]" name="afterEachTestMethod" is-config="true" duration-ms="161" started-at="2019-03-26T19:12:59Z" finished-at="2019-03-26T19:12:59Z">
          <params>
            <param index="0">
              <value>
                <![CDATA[[TestResult name=getAutomotiveParts status=SUCCESS method=TestAmazonMain.getAutomotiveParts()[pri:0, instance:TestHomePage.TestAmazonMain@67b6d4ae] output={null}]]]>
              </value>
            </param>
          </params>
          <reporter-output>
          </reporter-output>
        </test-method> <!-- afterEachTestMethod -->
        <test-method status="PASS" signature="setUp(boolean, java.lang.String, java.lang.String, java.lang.String, java.lang.String, java.lang.String, java.lang.String)[pri:0, instance:TestHomePage.TestAmazonMain@67b6d4ae]" name="setUp" is-config="true" duration-ms="2493" started-at="2019-03-26T19:12:59Z" finished-at="2019-03-26T19:13:01Z">
          <params>
            <param index="0">
              <value>
                <![CDATA[false]]>
              </value>
            </param>
            <param index="1">
              <value>
                <![CDATA[false]]>
              </value>
            </param>
            <param index="2">
              <value>
                <![CDATA[OS X]]>
              </value>
            </param>
            <param index="3">
              <value>
                <![CDATA[10]]>
              </value>
            </param>
            <param index="4">
              <value>
                <![CDATA[chrome-options]]>
              </value>
            </param>
            <param index="5">
              <value>
                <![CDATA[34]]>
              </value>
            </param>
            <param index="6">
              <value>
                <![CDATA[http://www.amazon.com]]>
              </value>
            </param>
          </params>
          <reporter-output>
          </reporter-output>
        </test-method> <!-- setUp -->
        <test-method status="PASS" signature="cleanUp()[pri:0, instance:TestHomePage.TestAmazonMain@67b6d4ae]" name="cleanUp" is-config="true" duration-ms="0" started-at="2019-03-26T19:12:59Z" finished-at="2019-03-26T19:12:59Z">
          <reporter-output>
          </reporter-output>
        </test-method> <!-- cleanUp -->
        <test-method status="PASS" signature="startExtent(java.lang.reflect.Method)[pri:0, instance:TestHomePage.TestAmazonMain@67b6d4ae]" name="startExtent" is-config="true" duration-ms="0" started-at="2019-03-26T19:13:01Z" finished-at="2019-03-26T19:13:01Z">
          <params>
            <param index="0">
              <value>
                <![CDATA[public void TestHomePage.TestAmazonMain.getBeautyPersonal()]]>
              </value>
            </param>
          </params>
          <reporter-output>
          </reporter-output>
        </test-method> <!-- startExtent -->
        <test-method status="PASS" signature="initialize()[pri:0, instance:TestHomePage.TestAmazonMain@67b6d4ae]" name="initialize" is-config="true" duration-ms="962" started-at="2019-03-26T19:13:01Z" finished-at="2019-03-26T19:13:02Z">
          <reporter-output>
          </reporter-output>
        </test-method> <!-- initialize -->
        <test-method status="PASS" signature="getBeautyPersonal()[pri:0, instance:TestHomePage.TestAmazonMain@67b6d4ae]" name="getBeautyPersonal" duration-ms="3181" started-at="2019-03-26T19:13:02Z" finished-at="2019-03-26T19:13:05Z">
          <reporter-output>
          </reporter-output>
        </test-method> <!-- getBeautyPersonal -->
        <test-method status="PASS" signature="afterEachTestMethod(org.testng.ITestResult)[pri:0, instance:TestHomePage.TestAmazonMain@67b6d4ae]" name="afterEachTestMethod" is-config="true" duration-ms="146" started-at="2019-03-26T19:13:05Z" finished-at="2019-03-26T19:13:06Z">
          <params>
            <param index="0">
              <value>
                <![CDATA[[TestResult name=getBeautyPersonal status=SUCCESS method=TestAmazonMain.getBeautyPersonal()[pri:0, instance:TestHomePage.TestAmazonMain@67b6d4ae] output={null}]]]>
              </value>
            </param>
          </params>
          <reporter-output>
          </reporter-output>
        </test-method> <!-- afterEachTestMethod -->
        <test-method status="PASS" signature="setUp(boolean, java.lang.String, java.lang.String, java.lang.String, java.lang.String, java.lang.String, java.lang.String)[pri:0, instance:TestHomePage.TestAmazonMain@67b6d4ae]" name="setUp" is-config="true" duration-ms="1928" started-at="2019-03-26T19:13:06Z" finished-at="2019-03-26T19:13:07Z">
          <params>
            <param index="0">
              <value>
                <![CDATA[false]]>
              </value>
            </param>
            <param index="1">
              <value>
                <![CDATA[false]]>
              </value>
            </param>
            <param index="2">
              <value>
                <![CDATA[OS X]]>
              </value>
            </param>
            <param index="3">
              <value>
                <![CDATA[10]]>
              </value>
            </param>
            <param index="4">
              <value>
                <![CDATA[chrome-options]]>
              </value>
            </param>
            <param index="5">
              <value>
                <![CDATA[34]]>
              </value>
            </param>
            <param index="6">
              <value>
                <![CDATA[http://www.amazon.com]]>
              </value>
            </param>
          </params>
          <reporter-output>
          </reporter-output>
        </test-method> <!-- setUp -->
        <test-method status="PASS" signature="cleanUp()[pri:0, instance:TestHomePage.TestAmazonMain@67b6d4ae]" name="cleanUp" is-config="true" duration-ms="0" started-at="2019-03-26T19:13:06Z" finished-at="2019-03-26T19:13:06Z">
          <reporter-output>
          </reporter-output>
        </test-method> <!-- cleanUp -->
        <test-method status="PASS" signature="startExtent(java.lang.reflect.Method)[pri:0, instance:TestHomePage.TestAmazonMain@67b6d4ae]" name="startExtent" is-config="true" duration-ms="0" started-at="2019-03-26T19:13:07Z" finished-at="2019-03-26T19:13:07Z">
          <params>
            <param index="0">
              <value>
                <![CDATA[public void TestHomePage.TestAmazonMain.getBooks()]]>
              </value>
            </param>
          </params>
          <reporter-output>
          </reporter-output>
        </test-method> <!-- startExtent -->
        <test-method status="PASS" signature="initialize()[pri:0, instance:TestHomePage.TestAmazonMain@67b6d4ae]" name="initialize" is-config="true" duration-ms="1210" started-at="2019-03-26T19:13:07Z" finished-at="2019-03-26T19:13:09Z">
          <reporter-output>
          </reporter-output>
        </test-method> <!-- initialize -->
        <test-method status="PASS" signature="getBooks()[pri:0, instance:TestHomePage.TestAmazonMain@67b6d4ae]" name="getBooks" duration-ms="2655" started-at="2019-03-26T19:13:09Z" finished-at="2019-03-26T19:13:11Z">
          <reporter-output>
          </reporter-output>
        </test-method> <!-- getBooks -->
        <test-method status="PASS" signature="afterEachTestMethod(org.testng.ITestResult)[pri:0, instance:TestHomePage.TestAmazonMain@67b6d4ae]" name="afterEachTestMethod" is-config="true" duration-ms="148" started-at="2019-03-26T19:13:11Z" finished-at="2019-03-26T19:13:12Z">
          <params>
            <param index="0">
              <value>
                <![CDATA[[TestResult name=getBooks status=SUCCESS method=TestAmazonMain.getBooks()[pri:0, instance:TestHomePage.TestAmazonMain@67b6d4ae] output={null}]]]>
              </value>
            </param>
          </params>
          <reporter-output>
          </reporter-output>
        </test-method> <!-- afterEachTestMethod -->
        <test-method status="PASS" signature="setUp(boolean, java.lang.String, java.lang.String, java.lang.String, java.lang.String, java.lang.String, java.lang.String)[pri:0, instance:TestHomePage.TestAmazonMain@67b6d4ae]" name="setUp" is-config="true" duration-ms="2206" started-at="2019-03-26T19:13:12Z" finished-at="2019-03-26T19:13:14Z">
          <params>
            <param index="0">
              <value>
                <![CDATA[false]]>
              </value>
            </param>
            <param index="1">
              <value>
                <![CDATA[false]]>
              </value>
            </param>
            <param index="2">
              <value>
                <![CDATA[OS X]]>
              </value>
            </param>
            <param index="3">
              <value>
                <![CDATA[10]]>
              </value>
            </param>
            <param index="4">
              <value>
                <![CDATA[chrome-options]]>
              </value>
            </param>
            <param index="5">
              <value>
                <![CDATA[34]]>
              </value>
            </param>
            <param index="6">
              <value>
                <![CDATA[http://www.amazon.com]]>
              </value>
            </param>
          </params>
          <reporter-output>
          </reporter-output>
        </test-method> <!-- setUp -->
        <test-method status="PASS" signature="cleanUp()[pri:0, instance:TestHomePage.TestAmazonMain@67b6d4ae]" name="cleanUp" is-config="true" duration-ms="0" started-at="2019-03-26T19:13:12Z" finished-at="2019-03-26T19:13:12Z">
          <reporter-output>
          </reporter-output>
        </test-method> <!-- cleanUp -->
        <test-method status="PASS" signature="initialize()[pri:0, instance:TestHomePage.TestAmazonMain@67b6d4ae]" name="initialize" is-config="true" duration-ms="1366" started-at="2019-03-26T19:13:14Z" finished-at="2019-03-26T19:13:15Z">
          <reporter-output>
          </reporter-output>
        </test-method> <!-- initialize -->
        <test-method status="PASS" signature="startExtent(java.lang.reflect.Method)[pri:0, instance:TestHomePage.TestAmazonMain@67b6d4ae]" name="startExtent" is-config="true" duration-ms="0" started-at="2019-03-26T19:13:14Z" finished-at="2019-03-26T19:13:14Z">
          <params>
            <param index="0">
              <value>
                <![CDATA[public void TestHomePage.TestAmazonMain.getCD()]]>
              </value>
            </param>
          </params>
          <reporter-output>
          </reporter-output>
        </test-method> <!-- startExtent -->
        <test-method status="PASS" signature="getCD()[pri:0, instance:TestHomePage.TestAmazonMain@67b6d4ae]" name="getCD" duration-ms="2052" started-at="2019-03-26T19:13:15Z" finished-at="2019-03-26T19:13:17Z">
          <reporter-output>
          </reporter-output>
        </test-method> <!-- getCD -->
        <test-method status="PASS" signature="afterEachTestMethod(org.testng.ITestResult)[pri:0, instance:TestHomePage.TestAmazonMain@67b6d4ae]" name="afterEachTestMethod" is-config="true" duration-ms="173" started-at="2019-03-26T19:13:17Z" finished-at="2019-03-26T19:13:17Z">
          <params>
            <param index="0">
              <value>
                <![CDATA[[TestResult name=getCD status=SUCCESS method=TestAmazonMain.getCD()[pri:0, instance:TestHomePage.TestAmazonMain@67b6d4ae] output={null}]]]>
              </value>
            </param>
          </params>
          <reporter-output>
          </reporter-output>
        </test-method> <!-- afterEachTestMethod -->
        <test-method status="PASS" signature="cleanUp()[pri:0, instance:TestHomePage.TestAmazonMain@67b6d4ae]" name="cleanUp" is-config="true" duration-ms="0" started-at="2019-03-26T19:13:17Z" finished-at="2019-03-26T19:13:17Z">
          <reporter-output>
          </reporter-output>
        </test-method> <!-- cleanUp -->
        <test-method status="PASS" signature="setUp(boolean, java.lang.String, java.lang.String, java.lang.String, java.lang.String, java.lang.String, java.lang.String)[pri:0, instance:TestHomePage.TestAmazonMain@67b6d4ae]" name="setUp" is-config="true" duration-ms="2180" started-at="2019-03-26T19:13:17Z" finished-at="2019-03-26T19:13:19Z">
          <params>
            <param index="0">
              <value>
                <![CDATA[false]]>
              </value>
            </param>
            <param index="1">
              <value>
                <![CDATA[false]]>
              </value>
            </param>
            <param index="2">
              <value>
                <![CDATA[OS X]]>
              </value>
            </param>
            <param index="3">
              <value>
                <![CDATA[10]]>
              </value>
            </param>
            <param index="4">
              <value>
                <![CDATA[chrome-options]]>
              </value>
            </param>
            <param index="5">
              <value>
                <![CDATA[34]]>
              </value>
            </param>
            <param index="6">
              <value>
                <![CDATA[http://www.amazon.com]]>
              </value>
            </param>
          </params>
          <reporter-output>
          </reporter-output>
        </test-method> <!-- setUp -->
        <test-method status="PASS" signature="startExtent(java.lang.reflect.Method)[pri:0, instance:TestHomePage.TestAmazonMain@67b6d4ae]" name="startExtent" is-config="true" duration-ms="1" started-at="2019-03-26T19:13:19Z" finished-at="2019-03-26T19:13:19Z">
          <params>
            <param index="0">
              <value>
                <![CDATA[public void TestHomePage.TestAmazonMain.getClicktryPrime()]]>
              </value>
            </param>
          </params>
          <reporter-output>
          </reporter-output>
        </test-method> <!-- startExtent -->
        <test-method status="PASS" signature="initialize()[pri:0, instance:TestHomePage.TestAmazonMain@67b6d4ae]" name="initialize" is-config="true" duration-ms="833" started-at="2019-03-26T19:13:19Z" finished-at="2019-03-26T19:13:20Z">
          <reporter-output>
          </reporter-output>
        </test-method> <!-- initialize -->
        <test-method status="PASS" signature="getClicktryPrime()[pri:0, instance:TestHomePage.TestAmazonMain@67b6d4ae]" name="getClicktryPrime" duration-ms="964" started-at="2019-03-26T19:13:20Z" finished-at="2019-03-26T19:13:21Z">
          <reporter-output>
          </reporter-output>
        </test-method> <!-- getClicktryPrime -->
        <test-method status="PASS" signature="afterEachTestMethod(org.testng.ITestResult)[pri:0, instance:TestHomePage.TestAmazonMain@67b6d4ae]" name="afterEachTestMethod" is-config="true" duration-ms="146" started-at="2019-03-26T19:13:21Z" finished-at="2019-03-26T19:13:21Z">
          <params>
            <param index="0">
              <value>
                <![CDATA[[TestResult name=getClicktryPrime status=SUCCESS method=TestAmazonMain.getClicktryPrime()[pri:0, instance:TestHomePage.TestAmazonMain@67b6d4ae] output={null}]]]>
              </value>
            </param>
          </params>
          <reporter-output>
          </reporter-output>
        </test-method> <!-- afterEachTestMethod -->
        <test-method status="PASS" signature="cleanUp()[pri:0, instance:TestHomePage.TestAmazonMain@67b6d4ae]" name="cleanUp" is-config="true" duration-ms="0" started-at="2019-03-26T19:13:21Z" finished-at="2019-03-26T19:13:21Z">
          <reporter-output>
          </reporter-output>
        </test-method> <!-- cleanUp -->
        <test-method status="PASS" signature="setUp(boolean, java.lang.String, java.lang.String, java.lang.String, java.lang.String, java.lang.String, java.lang.String)[pri:0, instance:TestHomePage.TestAmazonMain@67b6d4ae]" name="setUp" is-config="true" duration-ms="2338" started-at="2019-03-26T19:13:21Z" finished-at="2019-03-26T19:13:24Z">
          <params>
            <param index="0">
              <value>
                <![CDATA[false]]>
              </value>
            </param>
            <param index="1">
              <value>
                <![CDATA[false]]>
              </value>
            </param>
            <param index="2">
              <value>
                <![CDATA[OS X]]>
              </value>
            </param>
            <param index="3">
              <value>
                <![CDATA[10]]>
              </value>
            </param>
            <param index="4">
              <value>
                <![CDATA[chrome-options]]>
              </value>
            </param>
            <param index="5">
              <value>
                <![CDATA[34]]>
              </value>
            </param>
            <param index="6">
              <value>
                <![CDATA[http://www.amazon.com]]>
              </value>
            </param>
          </params>
          <reporter-output>
          </reporter-output>
        </test-method> <!-- setUp -->
        <test-method status="PASS" signature="initialize()[pri:0, instance:TestHomePage.TestAmazonMain@67b6d4ae]" name="initialize" is-config="true" duration-ms="1447" started-at="2019-03-26T19:13:24Z" finished-at="2019-03-26T19:13:25Z">
          <reporter-output>
          </reporter-output>
        </test-method> <!-- initialize -->
        <test-method status="PASS" signature="startExtent(java.lang.reflect.Method)[pri:0, instance:TestHomePage.TestAmazonMain@67b6d4ae]" name="startExtent" is-config="true" duration-ms="0" started-at="2019-03-26T19:13:24Z" finished-at="2019-03-26T19:13:24Z">
          <params>
            <param index="0">
              <value>
                <![CDATA[public void TestHomePage.TestAmazonMain.getDeliverto()]]>
              </value>
            </param>
          </params>
          <reporter-output>
          </reporter-output>
        </test-method> <!-- startExtent -->
        <test-method status="PASS" signature="getDeliverto()[pri:0, instance:TestHomePage.TestAmazonMain@67b6d4ae]" name="getDeliverto" duration-ms="132" started-at="2019-03-26T19:13:25Z" finished-at="2019-03-26T19:13:25Z">
          <reporter-output>
          </reporter-output>
        </test-method> <!-- getDeliverto -->
        <test-method status="PASS" signature="afterEachTestMethod(org.testng.ITestResult)[pri:0, instance:TestHomePage.TestAmazonMain@67b6d4ae]" name="afterEachTestMethod" is-config="true" duration-ms="144" started-at="2019-03-26T19:13:25Z" finished-at="2019-03-26T19:13:25Z">
          <params>
            <param index="0">
              <value>
                <![CDATA[[TestResult name=getDeliverto status=SUCCESS method=TestAmazonMain.getDeliverto()[pri:0, instance:TestHomePage.TestAmazonMain@67b6d4ae] output={null}]]]>
              </value>
            </param>
          </params>
          <reporter-output>
          </reporter-output>
        </test-method> <!-- afterEachTestMethod -->
        <test-method status="PASS" signature="setUp(boolean, java.lang.String, java.lang.String, java.lang.String, java.lang.String, java.lang.String, java.lang.String)[pri:0, instance:TestHomePage.TestAmazonMain@67b6d4ae]" name="setUp" is-config="true" duration-ms="2572" started-at="2019-03-26T19:13:25Z" finished-at="2019-03-26T19:13:28Z">
          <params>
            <param index="0">
              <value>
                <![CDATA[false]]>
              </value>
            </param>
            <param index="1">
              <value>
                <![CDATA[false]]>
              </value>
            </param>
            <param index="2">
              <value>
                <![CDATA[OS X]]>
              </value>
            </param>
            <param index="3">
              <value>
                <![CDATA[10]]>
              </value>
            </param>
            <param index="4">
              <value>
                <![CDATA[chrome-options]]>
              </value>
            </param>
            <param index="5">
              <value>
                <![CDATA[34]]>
              </value>
            </param>
            <param index="6">
              <value>
                <![CDATA[http://www.amazon.com]]>
              </value>
            </param>
          </params>
          <reporter-output>
          </reporter-output>
        </test-method> <!-- setUp -->
        <test-method status="PASS" signature="cleanUp()[pri:0, instance:TestHomePage.TestAmazonMain@67b6d4ae]" name="cleanUp" is-config="true" duration-ms="0" started-at="2019-03-26T19:13:25Z" finished-at="2019-03-26T19:13:25Z">
          <reporter-output>
          </reporter-output>
        </test-method> <!-- cleanUp -->
        <test-method status="PASS" signature="initialize()[pri:0, instance:TestHomePage.TestAmazonMain@67b6d4ae]" name="initialize" is-config="true" duration-ms="765" started-at="2019-03-26T19:13:28Z" finished-at="2019-03-26T19:13:29Z">
          <reporter-output>
          </reporter-output>
        </test-method> <!-- initialize -->
        <test-method status="PASS" signature="startExtent(java.lang.reflect.Method)[pri:0, instance:TestHomePage.TestAmazonMain@67b6d4ae]" name="startExtent" is-config="true" duration-ms="0" started-at="2019-03-26T19:13:28Z" finished-at="2019-03-26T19:13:28Z">
          <params>
            <param index="0">
              <value>
                <![CDATA[public void TestHomePage.TestAmazonMain.getSearchbar()]]>
              </value>
            </param>
          </params>
          <reporter-output>
          </reporter-output>
        </test-method> <!-- startExtent -->
        <test-method status="PASS" signature="getSearchbar()[pri:0, instance:TestHomePage.TestAmazonMain@67b6d4ae]" name="getSearchbar" duration-ms="508" started-at="2019-03-26T19:13:29Z" finished-at="2019-03-26T19:13:29Z">
          <reporter-output>
          </reporter-output>
        </test-method> <!-- getSearchbar -->
        <test-method status="PASS" signature="afterEachTestMethod(org.testng.ITestResult)[pri:0, instance:TestHomePage.TestAmazonMain@67b6d4ae]" name="afterEachTestMethod" is-config="true" duration-ms="126" started-at="2019-03-26T19:13:29Z" finished-at="2019-03-26T19:13:29Z">
          <params>
            <param index="0">
              <value>
                <![CDATA[[TestResult name=getSearchbar status=SUCCESS method=TestAmazonMain.getSearchbar()[pri:0, instance:TestHomePage.TestAmazonMain@67b6d4ae] output={null}]]]>
              </value>
            </param>
          </params>
          <reporter-output>
          </reporter-output>
        </test-method> <!-- afterEachTestMethod -->
        <test-method status="PASS" signature="cleanUp()[pri:0, instance:TestHomePage.TestAmazonMain@67b6d4ae]" name="cleanUp" is-config="true" duration-ms="0" started-at="2019-03-26T19:13:29Z" finished-at="2019-03-26T19:13:29Z">
          <reporter-output>
          </reporter-output>
        </test-method> <!-- cleanUp -->
        <test-method status="PASS" signature="setUp(boolean, java.lang.String, java.lang.String, java.lang.String, java.lang.String, java.lang.String, java.lang.String)[pri:0, instance:TestHomePage.TestAmazonMain@67b6d4ae]" name="setUp" is-config="true" duration-ms="2307" started-at="2019-03-26T19:13:29Z" finished-at="2019-03-26T19:13:32Z">
          <params>
            <param index="0">
              <value>
                <![CDATA[false]]>
              </value>
            </param>
            <param index="1">
              <value>
                <![CDATA[false]]>
              </value>
            </param>
            <param index="2">
              <value>
                <![CDATA[OS X]]>
              </value>
            </param>
            <param index="3">
              <value>
                <![CDATA[10]]>
              </value>
            </param>
            <param index="4">
              <value>
                <![CDATA[chrome-options]]>
              </value>
            </param>
            <param index="5">
              <value>
                <![CDATA[34]]>
              </value>
            </param>
            <param index="6">
              <value>
                <![CDATA[http://www.amazon.com]]>
              </value>
            </param>
          </params>
          <reporter-output>
          </reporter-output>
        </test-method> <!-- setUp -->
        <test-method status="PASS" signature="startExtent(java.lang.reflect.Method)[pri:0, instance:TestHomePage.TestAmazonMain@67b6d4ae]" name="startExtent" is-config="true" duration-ms="0" started-at="2019-03-26T19:13:32Z" finished-at="2019-03-26T19:13:32Z">
          <params>
            <param index="0">
              <value>
                <![CDATA[public void TestHomePage.TestAmazonMain.getSearchitem()]]>
              </value>
            </param>
          </params>
          <reporter-output>
          </reporter-output>
        </test-method> <!-- startExtent -->
        <test-method status="PASS" signature="initialize()[pri:0, instance:TestHomePage.TestAmazonMain@67b6d4ae]" name="initialize" is-config="true" duration-ms="1211" started-at="2019-03-26T19:13:32Z" finished-at="2019-03-26T19:13:33Z">
          <reporter-output>
          </reporter-output>
        </test-method> <!-- initialize -->
        <test-method status="PASS" signature="getSearchitem()[pri:0, instance:TestHomePage.TestAmazonMain@67b6d4ae]" name="getSearchitem" duration-ms="1456" started-at="2019-03-26T19:13:33Z" finished-at="2019-03-26T19:13:34Z">
          <reporter-output>
          </reporter-output>
        </test-method> <!-- getSearchitem -->
        <test-method status="PASS" signature="afterEachTestMethod(org.testng.ITestResult)[pri:0, instance:TestHomePage.TestAmazonMain@67b6d4ae]" name="afterEachTestMethod" is-config="true" duration-ms="131" started-at="2019-03-26T19:13:34Z" finished-at="2019-03-26T19:13:35Z">
          <params>
            <param index="0">
              <value>
                <![CDATA[[TestResult name=getSearchitem status=SUCCESS method=TestAmazonMain.getSearchitem()[pri:0, instance:TestHomePage.TestAmazonMain@67b6d4ae] output={null}]]]>
              </value>
            </param>
          </params>
          <reporter-output>
          </reporter-output>
        </test-method> <!-- afterEachTestMethod -->
        <test-method status="PASS" signature="cleanUp()[pri:0, instance:TestHomePage.TestAmazonMain@67b6d4ae]" name="cleanUp" is-config="true" duration-ms="0" started-at="2019-03-26T19:13:35Z" finished-at="2019-03-26T19:13:35Z">
          <reporter-output>
          </reporter-output>
        </test-method> <!-- cleanUp -->
        <test-method status="PASS" signature="setUp(boolean, java.lang.String, java.lang.String, java.lang.String, java.lang.String, java.lang.String, java.lang.String)[pri:0, instance:TestHomePage.TestAmazonMain@67b6d4ae]" name="setUp" is-config="true" duration-ms="2499" started-at="2019-03-26T19:13:35Z" finished-at="2019-03-26T19:13:37Z">
          <params>
            <param index="0">
              <value>
                <![CDATA[false]]>
              </value>
            </param>
            <param index="1">
              <value>
                <![CDATA[false]]>
              </value>
            </param>
            <param index="2">
              <value>
                <![CDATA[OS X]]>
              </value>
            </param>
            <param index="3">
              <value>
                <![CDATA[10]]>
              </value>
            </param>
            <param index="4">
              <value>
                <![CDATA[chrome-options]]>
              </value>
            </param>
            <param index="5">
              <value>
                <![CDATA[34]]>
              </value>
            </param>
            <param index="6">
              <value>
                <![CDATA[http://www.amazon.com]]>
              </value>
            </param>
          </params>
          <reporter-output>
          </reporter-output>
        </test-method> <!-- setUp -->
        <test-method status="PASS" signature="startExtent(java.lang.reflect.Method)[pri:0, instance:TestHomePage.TestAmazonMain@67b6d4ae]" name="startExtent" is-config="true" duration-ms="1" started-at="2019-03-26T19:13:37Z" finished-at="2019-03-26T19:13:37Z">
          <params>
            <param index="0">
              <value>
                <![CDATA[public void TestHomePage.TestAmazonMain.getSearchitems()]]>
              </value>
            </param>
          </params>
          <reporter-output>
          </reporter-output>
        </test-method> <!-- startExtent -->
        <test-method status="PASS" signature="initialize()[pri:0, instance:TestHomePage.TestAmazonMain@67b6d4ae]" name="initialize" is-config="true" duration-ms="1355" started-at="2019-03-26T19:13:37Z" finished-at="2019-03-26T19:13:38Z">
          <reporter-output>
          </reporter-output>
        </test-method> <!-- initialize -->
        <test-method status="PASS" signature="getSearchitems()[pri:0, instance:TestHomePage.TestAmazonMain@67b6d4ae]" name="getSearchitems" duration-ms="374" started-at="2019-03-26T19:13:38Z" finished-at="2019-03-26T19:13:39Z">
          <reporter-output>
          </reporter-output>
        </test-method> <!-- getSearchitems -->
        <test-method status="PASS" signature="afterEachTestMethod(org.testng.ITestResult)[pri:0, instance:TestHomePage.TestAmazonMain@67b6d4ae]" name="afterEachTestMethod" is-config="true" duration-ms="132" started-at="2019-03-26T19:13:39Z" finished-at="2019-03-26T19:13:39Z">
          <params>
            <param index="0">
              <value>
                <![CDATA[[TestResult name=getSearchitems status=SUCCESS method=TestAmazonMain.getSearchitems()[pri:0, instance:TestHomePage.TestAmazonMain@67b6d4ae] output={null}]]]>
              </value>
            </param>
          </params>
          <reporter-output>
          </reporter-output>
        </test-method> <!-- afterEachTestMethod -->
        <test-method status="PASS" signature="cleanUp()[pri:0, instance:TestHomePage.TestAmazonMain@67b6d4ae]" name="cleanUp" is-config="true" duration-ms="0" started-at="2019-03-26T19:13:39Z" finished-at="2019-03-26T19:13:39Z">
          <reporter-output>
          </reporter-output>
        </test-method> <!-- cleanUp -->
        <test-method status="PASS" signature="setUp(boolean, java.lang.String, java.lang.String, java.lang.String, java.lang.String, java.lang.String, java.lang.String)[pri:0, instance:TestHomePage.TestAmazonMain@67b6d4ae]" name="setUp" is-config="true" duration-ms="2332" started-at="2019-03-26T19:13:39Z" finished-at="2019-03-26T19:13:41Z">
          <params>
            <param index="0">
              <value>
                <![CDATA[false]]>
              </value>
            </param>
            <param index="1">
              <value>
                <![CDATA[false]]>
              </value>
            </param>
            <param index="2">
              <value>
                <![CDATA[OS X]]>
              </value>
            </param>
            <param index="3">
              <value>
                <![CDATA[10]]>
              </value>
            </param>
            <param index="4">
              <value>
                <![CDATA[chrome-options]]>
              </value>
            </param>
            <param index="5">
              <value>
                <![CDATA[34]]>
              </value>
            </param>
            <param index="6">
              <value>
                <![CDATA[http://www.amazon.com]]>
              </value>
            </param>
          </params>
          <reporter-output>
          </reporter-output>
        </test-method> <!-- setUp -->
        <test-method status="PASS" signature="startExtent(java.lang.reflect.Method)[pri:0, instance:TestHomePage.TestAmazonMain@67b6d4ae]" name="startExtent" is-config="true" duration-ms="0" started-at="2019-03-26T19:13:41Z" finished-at="2019-03-26T19:13:41Z">
          <params>
            <param index="0">
              <value>
                <![CDATA[public void TestHomePage.TestAmazonMain.getamazonFresh()]]>
              </value>
            </param>
          </params>
          <reporter-output>
          </reporter-output>
        </test-method> <!-- startExtent -->
        <test-method status="PASS" signature="initialize()[pri:0, instance:TestHomePage.TestAmazonMain@67b6d4ae]" name="initialize" is-config="true" duration-ms="1528" started-at="2019-03-26T19:13:41Z" finished-at="2019-03-26T19:13:43Z">
          <reporter-output>
          </reporter-output>
        </test-method> <!-- initialize -->
        <test-method status="PASS" signature="getamazonFresh()[pri:0, instance:TestHomePage.TestAmazonMain@67b6d4ae]" name="getamazonFresh" duration-ms="3086" started-at="2019-03-26T19:13:43Z" finished-at="2019-03-26T19:13:46Z">
          <reporter-output>
          </reporter-output>
        </test-method> <!-- getamazonFresh -->
        <test-method status="PASS" signature="afterEachTestMethod(org.testng.ITestResult)[pri:0, instance:TestHomePage.TestAmazonMain@67b6d4ae]" name="afterEachTestMethod" is-config="true" duration-ms="151" started-at="2019-03-26T19:13:46Z" finished-at="2019-03-26T19:13:46Z">
          <params>
            <param index="0">
              <value>
                <![CDATA[[TestResult name=getamazonFresh status=SUCCESS method=TestAmazonMain.getamazonFresh()[pri:0, instance:TestHomePage.TestAmazonMain@67b6d4ae] output={null}]]]>
              </value>
            </param>
          </params>
          <reporter-output>
          </reporter-output>
        </test-method> <!-- afterEachTestMethod -->
        <test-method status="PASS" signature="setUp(boolean, java.lang.String, java.lang.String, java.lang.String, java.lang.String, java.lang.String, java.lang.String)[pri:0, instance:TestHomePage.TestAmazonMain@67b6d4ae]" name="setUp" is-config="true" duration-ms="2453" started-at="2019-03-26T19:13:46Z" finished-at="2019-03-26T19:13:48Z">
          <params>
            <param index="0">
              <value>
                <![CDATA[false]]>
              </value>
            </param>
            <param index="1">
              <value>
                <![CDATA[false]]>
              </value>
            </param>
            <param index="2">
              <value>
                <![CDATA[OS X]]>
              </value>
            </param>
            <param index="3">
              <value>
                <![CDATA[10]]>
              </value>
            </param>
            <param index="4">
              <value>
                <![CDATA[chrome-options]]>
              </value>
            </param>
            <param index="5">
              <value>
                <![CDATA[34]]>
              </value>
            </param>
            <param index="6">
              <value>
                <![CDATA[http://www.amazon.com]]>
              </value>
            </param>
          </params>
          <reporter-output>
          </reporter-output>
        </test-method> <!-- setUp -->
        <test-method status="PASS" signature="cleanUp()[pri:0, instance:TestHomePage.TestAmazonMain@67b6d4ae]" name="cleanUp" is-config="true" duration-ms="0" started-at="2019-03-26T19:13:46Z" finished-at="2019-03-26T19:13:46Z">
          <reporter-output>
          </reporter-output>
        </test-method> <!-- cleanUp -->
        <test-method status="PASS" signature="initialize()[pri:0, instance:TestHomePage.TestAmazonMain@67b6d4ae]" name="initialize" is-config="true" duration-ms="1324" started-at="2019-03-26T19:13:48Z" finished-at="2019-03-26T19:13:50Z">
          <reporter-output>
          </reporter-output>
        </test-method> <!-- initialize -->
        <test-method status="PASS" signature="startExtent(java.lang.reflect.Method)[pri:0, instance:TestHomePage.TestAmazonMain@67b6d4ae]" name="startExtent" is-config="true" duration-ms="0" started-at="2019-03-26T19:13:48Z" finished-at="2019-03-26T19:13:48Z">
          <params>
            <param index="0">
              <value>
                <![CDATA[public void TestHomePage.TestAmazonMain.getcategorieBaby()]]>
              </value>
            </param>
          </params>
          <reporter-output>
          </reporter-output>
        </test-method> <!-- startExtent -->
        <test-method status="PASS" signature="getcategorieBaby()[pri:0, instance:TestHomePage.TestAmazonMain@67b6d4ae]" name="getcategorieBaby" duration-ms="2906" started-at="2019-03-26T19:13:50Z" finished-at="2019-03-26T19:13:53Z">
          <reporter-output>
          </reporter-output>
        </test-method> <!-- getcategorieBaby -->
        <test-method status="PASS" signature="afterEachTestMethod(org.testng.ITestResult)[pri:0, instance:TestHomePage.TestAmazonMain@67b6d4ae]" name="afterEachTestMethod" is-config="true" duration-ms="148" started-at="2019-03-26T19:13:53Z" finished-at="2019-03-26T19:13:53Z">
          <params>
            <param index="0">
              <value>
                <![CDATA[[TestResult name=getcategorieBaby status=SUCCESS method=TestAmazonMain.getcategorieBaby()[pri:0, instance:TestHomePage.TestAmazonMain@67b6d4ae] output={null}]]]>
              </value>
            </param>
          </params>
          <reporter-output>
          </reporter-output>
        </test-method> <!-- afterEachTestMethod -->
        <test-method status="PASS" signature="cleanUp()[pri:0, instance:TestHomePage.TestAmazonMain@67b6d4ae]" name="cleanUp" is-config="true" duration-ms="0" started-at="2019-03-26T19:13:53Z" finished-at="2019-03-26T19:13:53Z">
          <reporter-output>
          </reporter-output>
        </test-method> <!-- cleanUp -->
        <test-method status="PASS" signature="setUp(boolean, java.lang.String, java.lang.String, java.lang.String, java.lang.String, java.lang.String, java.lang.String)[pri:0, instance:TestHomePage.TestAmazonMain@67b6d4ae]" name="setUp" is-config="true" duration-ms="2474" started-at="2019-03-26T19:13:53Z" finished-at="2019-03-26T19:13:55Z">
          <params>
            <param index="0">
              <value>
                <![CDATA[false]]>
              </value>
            </param>
            <param index="1">
              <value>
                <![CDATA[false]]>
              </value>
            </param>
            <param index="2">
              <value>
                <![CDATA[OS X]]>
              </value>
            </param>
            <param index="3">
              <value>
                <![CDATA[10]]>
              </value>
            </param>
            <param index="4">
              <value>
                <![CDATA[chrome-options]]>
              </value>
            </param>
            <param index="5">
              <value>
                <![CDATA[34]]>
              </value>
            </param>
            <param index="6">
              <value>
                <![CDATA[http://www.amazon.com]]>
              </value>
            </param>
          </params>
          <reporter-output>
          </reporter-output>
        </test-method> <!-- setUp -->
        <test-method status="PASS" signature="initialize()[pri:0, instance:TestHomePage.TestAmazonMain@67b6d4ae]" name="initialize" is-config="true" duration-ms="1225" started-at="2019-03-26T19:13:55Z" finished-at="2019-03-26T19:13:57Z">
          <reporter-output>
          </reporter-output>
        </test-method> <!-- initialize -->
        <test-method status="PASS" signature="startExtent(java.lang.reflect.Method)[pri:0, instance:TestHomePage.TestAmazonMain@67b6d4ae]" name="startExtent" is-config="true" duration-ms="0" started-at="2019-03-26T19:13:55Z" finished-at="2019-03-26T19:13:55Z">
          <params>
            <param index="0">
              <value>
                <![CDATA[public void TestHomePage.TestAmazonMain.getcategoryAlexa()]]>
              </value>
            </param>
          </params>
          <reporter-output>
          </reporter-output>
        </test-method> <!-- startExtent -->
        <test-method status="PASS" signature="getcategoryAlexa()[pri:0, instance:TestHomePage.TestAmazonMain@67b6d4ae]" name="getcategoryAlexa" duration-ms="3724" started-at="2019-03-26T19:13:57Z" finished-at="2019-03-26T19:14:00Z">
          <reporter-output>
          </reporter-output>
        </test-method> <!-- getcategoryAlexa -->
        <test-method status="PASS" signature="afterEachTestMethod(org.testng.ITestResult)[pri:0, instance:TestHomePage.TestAmazonMain@67b6d4ae]" name="afterEachTestMethod" is-config="true" duration-ms="170" started-at="2019-03-26T19:14:00Z" finished-at="2019-03-26T19:14:00Z">
          <params>
            <param index="0">
              <value>
                <![CDATA[[TestResult name=getcategoryAlexa status=SUCCESS method=TestAmazonMain.getcategoryAlexa()[pri:0, instance:TestHomePage.TestAmazonMain@67b6d4ae] output={null}]]]>
              </value>
            </param>
          </params>
          <reporter-output>
          </reporter-output>
        </test-method> <!-- afterEachTestMethod -->
        <test-method status="PASS" signature="setUp(boolean, java.lang.String, java.lang.String, java.lang.String, java.lang.String, java.lang.String, java.lang.String)[pri:0, instance:TestHomePage.TestAmazonMain@67b6d4ae]" name="setUp" is-config="true" duration-ms="2566" started-at="2019-03-26T19:14:00Z" finished-at="2019-03-26T19:14:03Z">
          <params>
            <param index="0">
              <value>
                <![CDATA[false]]>
              </value>
            </param>
            <param index="1">
              <value>
                <![CDATA[false]]>
              </value>
            </param>
            <param index="2">
              <value>
                <![CDATA[OS X]]>
              </value>
            </param>
            <param index="3">
              <value>
                <![CDATA[10]]>
              </value>
            </param>
            <param index="4">
              <value>
                <![CDATA[chrome-options]]>
              </value>
            </param>
            <param index="5">
              <value>
                <![CDATA[34]]>
              </value>
            </param>
            <param index="6">
              <value>
                <![CDATA[http://www.amazon.com]]>
              </value>
            </param>
          </params>
          <reporter-output>
          </reporter-output>
        </test-method> <!-- setUp -->
        <test-method status="PASS" signature="cleanUp()[pri:0, instance:TestHomePage.TestAmazonMain@67b6d4ae]" name="cleanUp" is-config="true" duration-ms="0" started-at="2019-03-26T19:14:00Z" finished-at="2019-03-26T19:14:00Z">
          <reporter-output>
          </reporter-output>
        </test-method> <!-- cleanUp -->
        <test-method status="PASS" signature="startExtent(java.lang.reflect.Method)[pri:0, instance:TestHomePage.TestAmazonMain@67b6d4ae]" name="startExtent" is-config="true" duration-ms="0" started-at="2019-03-26T19:14:03Z" finished-at="2019-03-26T19:14:03Z">
          <params>
            <param index="0">
              <value>
                <![CDATA[public void TestHomePage.TestAmazonMain.getcategoryAppliances()]]>
              </value>
            </param>
          </params>
          <reporter-output>
          </reporter-output>
        </test-method> <!-- startExtent -->
        <test-method status="PASS" signature="initialize()[pri:0, instance:TestHomePage.TestAmazonMain@67b6d4ae]" name="initialize" is-config="true" duration-ms="951" started-at="2019-03-26T19:14:03Z" finished-at="2019-03-26T19:14:04Z">
          <reporter-output>
          </reporter-output>
        </test-method> <!-- initialize -->
        <test-method status="PASS" signature="getcategoryAppliances()[pri:0, instance:TestHomePage.TestAmazonMain@67b6d4ae]" name="getcategoryAppliances" duration-ms="2334" started-at="2019-03-26T19:14:04Z" finished-at="2019-03-26T19:14:06Z">
          <reporter-output>
          </reporter-output>
        </test-method> <!-- getcategoryAppliances -->
        <test-method status="PASS" signature="afterEachTestMethod(org.testng.ITestResult)[pri:0, instance:TestHomePage.TestAmazonMain@67b6d4ae]" name="afterEachTestMethod" is-config="true" duration-ms="223" started-at="2019-03-26T19:14:06Z" finished-at="2019-03-26T19:14:07Z">
          <params>
            <param index="0">
              <value>
                <![CDATA[[TestResult name=getcategoryAppliances status=SUCCESS method=TestAmazonMain.getcategoryAppliances()[pri:0, instance:TestHomePage.TestAmazonMain@67b6d4ae] output={null}]]]>
              </value>
            </param>
          </params>
          <reporter-output>
          </reporter-output>
        </test-method> <!-- afterEachTestMethod -->
        <test-method status="PASS" signature="setUp(boolean, java.lang.String, java.lang.String, java.lang.String, java.lang.String, java.lang.String, java.lang.String)[pri:0, instance:TestHomePage.TestAmazonMain@67b6d4ae]" name="setUp" is-config="true" duration-ms="2119" started-at="2019-03-26T19:14:07Z" finished-at="2019-03-26T19:14:09Z">
          <params>
            <param index="0">
              <value>
                <![CDATA[false]]>
              </value>
            </param>
            <param index="1">
              <value>
                <![CDATA[false]]>
              </value>
            </param>
            <param index="2">
              <value>
                <![CDATA[OS X]]>
              </value>
            </param>
            <param index="3">
              <value>
                <![CDATA[10]]>
              </value>
            </param>
            <param index="4">
              <value>
                <![CDATA[chrome-options]]>
              </value>
            </param>
            <param index="5">
              <value>
                <![CDATA[34]]>
              </value>
            </param>
            <param index="6">
              <value>
                <![CDATA[http://www.amazon.com]]>
              </value>
            </param>
          </params>
          <reporter-output>
          </reporter-output>
        </test-method> <!-- setUp -->
        <test-method status="PASS" signature="cleanUp()[pri:0, instance:TestHomePage.TestAmazonMain@67b6d4ae]" name="cleanUp" is-config="true" duration-ms="0" started-at="2019-03-26T19:14:07Z" finished-at="2019-03-26T19:14:07Z">
          <reporter-output>
          </reporter-output>
        </test-method> <!-- cleanUp -->
        <test-method status="PASS" signature="startExtent(java.lang.reflect.Method)[pri:0, instance:TestHomePage.TestAmazonMain@67b6d4ae]" name="startExtent" is-config="true" duration-ms="1" started-at="2019-03-26T19:14:09Z" finished-at="2019-03-26T19:14:09Z">
          <params>
            <param index="0">
              <value>
                <![CDATA[public void TestHomePage.TestAmazonMain.getcategoryArtCrafts()]]>
              </value>
            </param>
          </params>
          <reporter-output>
          </reporter-output>
        </test-method> <!-- startExtent -->
        <test-method status="PASS" signature="initialize()[pri:0, instance:TestHomePage.TestAmazonMain@67b6d4ae]" name="initialize" is-config="true" duration-ms="1201" started-at="2019-03-26T19:14:09Z" finished-at="2019-03-26T19:14:10Z">
          <reporter-output>
          </reporter-output>
        </test-method> <!-- initialize -->
        <test-method status="PASS" signature="getcategoryArtCrafts()[pri:0, instance:TestHomePage.TestAmazonMain@67b6d4ae]" name="getcategoryArtCrafts" duration-ms="3288" started-at="2019-03-26T19:14:10Z" finished-at="2019-03-26T19:14:13Z">
          <reporter-output>
          </reporter-output>
        </test-method> <!-- getcategoryArtCrafts -->
        <test-method status="PASS" signature="afterEachTestMethod(org.testng.ITestResult)[pri:0, instance:TestHomePage.TestAmazonMain@67b6d4ae]" name="afterEachTestMethod" is-config="true" duration-ms="162" started-at="2019-03-26T19:14:13Z" finished-at="2019-03-26T19:14:13Z">
          <params>
            <param index="0">
              <value>
                <![CDATA[[TestResult name=getcategoryArtCrafts status=SUCCESS method=TestAmazonMain.getcategoryArtCrafts()[pri:0, instance:TestHomePage.TestAmazonMain@67b6d4ae] output={null}]]]>
              </value>
            </param>
          </params>
          <reporter-output>
          </reporter-output>
        </test-method> <!-- afterEachTestMethod -->
        <test-method status="PASS" signature="setUp(boolean, java.lang.String, java.lang.String, java.lang.String, java.lang.String, java.lang.String, java.lang.String)[pri:0, instance:TestHomePage.TestAmazonMain@67b6d4ae]" name="setUp" is-config="true" duration-ms="2565" started-at="2019-03-26T19:14:13Z" finished-at="2019-03-26T19:14:16Z">
          <params>
            <param index="0">
              <value>
                <![CDATA[false]]>
              </value>
            </param>
            <param index="1">
              <value>
                <![CDATA[false]]>
              </value>
            </param>
            <param index="2">
              <value>
                <![CDATA[OS X]]>
              </value>
            </param>
            <param index="3">
              <value>
                <![CDATA[10]]>
              </value>
            </param>
            <param index="4">
              <value>
                <![CDATA[chrome-options]]>
              </value>
            </param>
            <param index="5">
              <value>
                <![CDATA[34]]>
              </value>
            </param>
            <param index="6">
              <value>
                <![CDATA[http://www.amazon.com]]>
              </value>
            </param>
          </params>
          <reporter-output>
          </reporter-output>
        </test-method> <!-- setUp -->
        <test-method status="PASS" signature="cleanUp()[pri:0, instance:TestHomePage.TestAmazonMain@67b6d4ae]" name="cleanUp" is-config="true" duration-ms="0" started-at="2019-03-26T19:14:13Z" finished-at="2019-03-26T19:14:13Z">
          <reporter-output>
          </reporter-output>
        </test-method> <!-- cleanUp -->
        <test-method status="PASS" signature="startExtent(java.lang.reflect.Method)[pri:0, instance:TestHomePage.TestAmazonMain@67b6d4ae]" name="startExtent" is-config="true" duration-ms="1" started-at="2019-03-26T19:14:16Z" finished-at="2019-03-26T19:14:16Z">
          <params>
            <param index="0">
              <value>
                <![CDATA[public void TestHomePage.TestAmazonMain.getcategoryGames()]]>
              </value>
            </param>
          </params>
          <reporter-output>
          </reporter-output>
        </test-method> <!-- startExtent -->
        <test-method status="PASS" signature="initialize()[pri:0, instance:TestHomePage.TestAmazonMain@67b6d4ae]" name="initialize" is-config="true" duration-ms="1089" started-at="2019-03-26T19:14:16Z" finished-at="2019-03-26T19:14:17Z">
          <reporter-output>
          </reporter-output>
        </test-method> <!-- initialize -->
        <test-method status="PASS" signature="getcategoryGames()[pri:0, instance:TestHomePage.TestAmazonMain@67b6d4ae]" name="getcategoryGames" duration-ms="2249" started-at="2019-03-26T19:14:17Z" finished-at="2019-03-26T19:14:19Z">
          <reporter-output>
          </reporter-output>
        </test-method> <!-- getcategoryGames -->
        <test-method status="PASS" signature="afterEachTestMethod(org.testng.ITestResult)[pri:0, instance:TestHomePage.TestAmazonMain@67b6d4ae]" name="afterEachTestMethod" is-config="true" duration-ms="145" started-at="2019-03-26T19:14:19Z" finished-at="2019-03-26T19:14:19Z">
          <params>
            <param index="0">
              <value>
                <![CDATA[[TestResult name=getcategoryGames status=SUCCESS method=TestAmazonMain.getcategoryGames()[pri:0, instance:TestHomePage.TestAmazonMain@67b6d4ae] output={null}]]]>
              </value>
            </param>
          </params>
          <reporter-output>
          </reporter-output>
        </test-method> <!-- afterEachTestMethod -->
        <test-method status="PASS" signature="cleanUp()[pri:0, instance:TestHomePage.TestAmazonMain@67b6d4ae]" name="cleanUp" is-config="true" duration-ms="1" started-at="2019-03-26T19:14:19Z" finished-at="2019-03-26T19:14:19Z">
          <reporter-output>
          </reporter-output>
        </test-method> <!-- cleanUp -->
        <test-method status="PASS" signature="setUp(boolean, java.lang.String, java.lang.String, java.lang.String, java.lang.String, java.lang.String, java.lang.String)[pri:0, instance:TestHomePage.TestAmazonMain@67b6d4ae]" name="setUp" is-config="true" duration-ms="2151" started-at="2019-03-26T19:14:19Z" finished-at="2019-03-26T19:14:22Z">
          <params>
            <param index="0">
              <value>
                <![CDATA[false]]>
              </value>
            </param>
            <param index="1">
              <value>
                <![CDATA[false]]>
              </value>
            </param>
            <param index="2">
              <value>
                <![CDATA[OS X]]>
              </value>
            </param>
            <param index="3">
              <value>
                <![CDATA[10]]>
              </value>
            </param>
            <param index="4">
              <value>
                <![CDATA[chrome-options]]>
              </value>
            </param>
            <param index="5">
              <value>
                <![CDATA[34]]>
              </value>
            </param>
            <param index="6">
              <value>
                <![CDATA[http://www.amazon.com]]>
              </value>
            </param>
          </params>
          <reporter-output>
          </reporter-output>
        </test-method> <!-- setUp -->
        <test-method status="PASS" signature="startExtent(java.lang.reflect.Method)[pri:0, instance:TestHomePage.TestAmazonMain@67b6d4ae]" name="startExtent" is-config="true" duration-ms="1" started-at="2019-03-26T19:14:22Z" finished-at="2019-03-26T19:14:22Z">
          <params>
            <param index="0">
              <value>
                <![CDATA[public void TestHomePage.TestAmazonMain.getselectgridSelectPrime()]]>
              </value>
            </param>
          </params>
          <reporter-output>
          </reporter-output>
        </test-method> <!-- startExtent -->
        <test-method status="PASS" signature="initialize()[pri:0, instance:TestHomePage.TestAmazonMain@67b6d4ae]" name="initialize" is-config="true" duration-ms="1024" started-at="2019-03-26T19:14:22Z" finished-at="2019-03-26T19:14:23Z">
          <reporter-output>
          </reporter-output>
        </test-method> <!-- initialize -->
        <test-method status="PASS" signature="getselectgridSelectPrime()[pri:0, instance:TestHomePage.TestAmazonMain@67b6d4ae]" name="getselectgridSelectPrime" duration-ms="1008" started-at="2019-03-26T19:14:23Z" finished-at="2019-03-26T19:14:24Z">
          <reporter-output>
          </reporter-output>
        </test-method> <!-- getselectgridSelectPrime -->
        <test-method status="PASS" signature="afterEachTestMethod(org.testng.ITestResult)[pri:0, instance:TestHomePage.TestAmazonMain@67b6d4ae]" name="afterEachTestMethod" is-config="true" duration-ms="132" started-at="2019-03-26T19:14:24Z" finished-at="2019-03-26T19:14:24Z">
          <params>
            <param index="0">
              <value>
                <![CDATA[[TestResult name=getselectgridSelectPrime status=SUCCESS method=TestAmazonMain.getselectgridSelectPrime()[pri:0, instance:TestHomePage.TestAmazonMain@67b6d4ae] output={null}]]]>
              </value>
            </param>
          </params>
          <reporter-output>
          </reporter-output>
        </test-method> <!-- afterEachTestMethod -->
        <test-method status="PASS" signature="cleanUp()[pri:0, instance:TestHomePage.TestAmazonMain@67b6d4ae]" name="cleanUp" is-config="true" duration-ms="0" started-at="2019-03-26T19:14:24Z" finished-at="2019-03-26T19:14:24Z">
          <reporter-output>
          </reporter-output>
        </test-method> <!-- cleanUp -->
        <test-method status="PASS" signature="setUp(boolean, java.lang.String, java.lang.String, java.lang.String, java.lang.String, java.lang.String, java.lang.String)[pri:0, instance:TestHomePage.TestAmazonMain@67b6d4ae]" name="setUp" is-config="true" duration-ms="2088" started-at="2019-03-26T19:14:24Z" finished-at="2019-03-26T19:14:26Z">
          <params>
            <param index="0">
              <value>
                <![CDATA[false]]>
              </value>
            </param>
            <param index="1">
              <value>
                <![CDATA[false]]>
              </value>
            </param>
            <param index="2">
              <value>
                <![CDATA[OS X]]>
              </value>
            </param>
            <param index="3">
              <value>
                <![CDATA[10]]>
              </value>
            </param>
            <param index="4">
              <value>
                <![CDATA[chrome-options]]>
              </value>
            </param>
            <param index="5">
              <value>
                <![CDATA[34]]>
              </value>
            </param>
            <param index="6">
              <value>
                <![CDATA[http://www.amazon.com]]>
              </value>
            </param>
          </params>
          <reporter-output>
          </reporter-output>
        </test-method> <!-- setUp -->
        <test-method status="PASS" signature="initialize()[pri:0, instance:TestHomePage.TestAmazonMain@67b6d4ae]" name="initialize" is-config="true" duration-ms="651" started-at="2019-03-26T19:14:26Z" finished-at="2019-03-26T19:14:26Z">
          <reporter-output>
          </reporter-output>
        </test-method> <!-- initialize -->
        <test-method status="PASS" signature="startExtent(java.lang.reflect.Method)[pri:0, instance:TestHomePage.TestAmazonMain@67b6d4ae]" name="startExtent" is-config="true" duration-ms="0" started-at="2019-03-26T19:14:26Z" finished-at="2019-03-26T19:14:26Z">
          <params>
            <param index="0">
              <value>
                <![CDATA[public void TestHomePage.TestAmazonMain.getshowAlexaSkills()]]>
              </value>
            </param>
          </params>
          <reporter-output>
          </reporter-output>
        </test-method> <!-- startExtent -->
        <test-method status="PASS" signature="getshowAlexaSkills()[pri:0, instance:TestHomePage.TestAmazonMain@67b6d4ae]" name="getshowAlexaSkills" duration-ms="553" started-at="2019-03-26T19:14:26Z" finished-at="2019-03-26T19:14:27Z">
          <reporter-output>
          </reporter-output>
        </test-method> <!-- getshowAlexaSkills -->
        <test-method status="PASS" signature="afterEachTestMethod(org.testng.ITestResult)[pri:0, instance:TestHomePage.TestAmazonMain@67b6d4ae]" name="afterEachTestMethod" is-config="true" duration-ms="122" started-at="2019-03-26T19:14:27Z" finished-at="2019-03-26T19:14:27Z">
          <params>
            <param index="0">
              <value>
                <![CDATA[[TestResult name=getshowAlexaSkills status=SUCCESS method=TestAmazonMain.getshowAlexaSkills()[pri:0, instance:TestHomePage.TestAmazonMain@67b6d4ae] output={null}]]]>
              </value>
            </param>
          </params>
          <reporter-output>
          </reporter-output>
        </test-method> <!-- afterEachTestMethod -->
        <test-method status="PASS" signature="cleanUp()[pri:0, instance:TestHomePage.TestAmazonMain@67b6d4ae]" name="cleanUp" is-config="true" duration-ms="0" started-at="2019-03-26T19:14:27Z" finished-at="2019-03-26T19:14:27Z">
          <reporter-output>
          </reporter-output>
        </test-method> <!-- cleanUp -->
        <test-method status="PASS" signature="generateReport()[pri:0, instance:TestHomePage.TestAmazonMain@67b6d4ae]" name="generateReport" is-config="true" duration-ms="12" started-at="2019-03-26T19:14:27Z" finished-at="2019-03-26T19:14:27Z">
          <reporter-output>
          </reporter-output>
        </test-method> <!-- generateReport -->
      </class> <!-- TestHomePage.TestAmazonMain -->
    </test> <!-- Command line test -->
  </suite> <!-- TestHomePage.TestAmazonMain -->
</testng-results>
