<?xml version="1.0" encoding="UTF-8"?>
<!-- Generated by org.testng.reporters.JUnitXMLReporter -->
<testsuite hostname="MacBook-Pro.fios-router.home" ignored="4" name="Command line test" tests="39" failures="0" timestamp="26 Mar 2019 20:24:54 GMT" time="260.307" errors="0">
  <testcase name="setOpenPageLogin" time="4.141" classname="TestHomePage.TestAmazonHomePageSignin"/>
  <testcase name="setopenlogin" time="0.544" classname="TestHomePage.TestAmazonHomePageSignin"/>
  <testcase name="getBabyFashion" time="2.197" classname="TestHomePage.TestAmazonCategories"/>
  <testcase name="getClothingShoes" time="2.12" classname="TestHomePage.TestAmazonCategories"/>
  <testcase name="getComputers" time="4.607" classname="TestHomePage.TestAmazonCategories"/>
  <testcase name="getCourses" time="2.386" classname="TestHomePage.TestAmazonCategories"/>
  <testcase name="getCredit" time="1.929" classname="TestHomePage.TestAmazonCategories"/>
  <testcase name="getDigitalMusic" time="2.06" classname="TestHomePage.TestAmazonCategories"/>
  <testcase name="getElectronics" time="3.353" classname="TestHomePage.TestAmazonCategories"/>
  <testcase name="getGarden" time="2.883" classname="TestHomePage.TestAmazonCategories"/>
  <testcase name="getGiftCard" time="2.36" classname="TestHomePage.TestAmazonCategories"/>
  <testcase name="getGrocery" time="3.194" classname="TestHomePage.TestAmazonCategories"/>
  <testcase name="getHealth" time="2.541" classname="TestHomePage.TestAmazonCategories"/>
  <testcase name="getKindle" time="3.686" classname="TestHomePage.TestAmazonCategories"/>
  <testcase name="getMovies" time="2.703" classname="TestHomePage.TestAmazonCategories"/>
  <testcase name="getWarehouseDeals" time="1.836" classname="TestHomePage.TestAmazonCategories"/>
  <testcase name="getfineart" time="3.36" classname="TestHomePage.TestAmazonCategories"/>
  <testcase name="getitemsofBoys" time="3.491" classname="TestHomePage.TestAmazonCategories"/>
  <testcase name="getitemsofGirls" time="3.081" classname="TestHomePage.TestAmazonCategories"/>
  <testcase name="getitemsofMen" time="0.529" classname="TestHomePage.TestAmazonCategories"/>
  <testcase name="getitemsofWomen" time="3.002" classname="TestHomePage.TestAmazonCategories"/>
  <testcase name="getArtsAutomotive" time="2.772" classname="TestHomePage.TestAmazonMain"/>
  <testcase name="getAutomotiveParts" time="2.308" classname="TestHomePage.TestAmazonMain"/>
  <testcase name="getBeautyPersonal" time="4.053" classname="TestHomePage.TestAmazonMain"/>
  <testcase name="getBooks" time="2.949" classname="TestHomePage.TestAmazonMain"/>
  <testcase name="getCD" time="2.408" classname="TestHomePage.TestAmazonMain"/>
  <testcase name="getClicktryPrime" time="1.329" classname="TestHomePage.TestAmazonMain"/>
  <testcase name="getDeliverto" time="0.202" classname="TestHomePage.TestAmazonMain"/>
  <testcase name="getSearchbar" time="0.116" classname="TestHomePage.TestAmazonMain"/>
  <testcase name="getSearchitem" time="1.046" classname="TestHomePage.TestAmazonMain"/>
  <testcase name="getSearchitems" time="0.527" classname="TestHomePage.TestAmazonMain"/>
  <testcase name="getamazonFresh" time="2.489" classname="TestHomePage.TestAmazonMain"/>
  <testcase name="getcategorieBaby" time="3.079" classname="TestHomePage.TestAmazonMain"/>
  <testcase name="getcategoryAlexa" time="3.415" classname="TestHomePage.TestAmazonMain"/>
  <testcase name="getcategoryAppliances" time="2.345" classname="TestHomePage.TestAmazonMain"/>
  <testcase name="getcategoryArtCrafts" time="3.416" classname="TestHomePage.TestAmazonMain"/>
  <testcase name="getcategoryGames" time="2.894" classname="TestHomePage.TestAmazonMain"/>
  <testcase name="getselectgridSelectPrime" time="0.882" classname="TestHomePage.TestAmazonMain"/>
  <testcase name="getshowAlexaSkills" time="0.596" classname="TestHomePage.TestAmazonMain"/>
  <testcase name="@BeforeSuite extentSetup" time="0.0" classname="Base.CommonAPI">
    <ignored/>
  </testcase> <!-- @BeforeSuite extentSetup -->
  <testcase name="@BeforeSuite extentSetup" time="0.0" classname="Base.CommonAPI">
    <ignored/>
  </testcase> <!-- @BeforeSuite extentSetup -->
  <testcase name="@AfterSuite generateReport" time="0.0" classname="Base.CommonAPI">
    <ignored/>
  </testcase> <!-- @AfterSuite generateReport -->
  <testcase name="@AfterSuite generateReport" time="0.0" classname="Base.CommonAPI">
    <ignored/>
  </testcase> <!-- @AfterSuite generateReport -->
</testsuite> <!-- Command line test -->
