<?xml version="1.0" encoding="UTF-8"?>
<!-- Generated by org.testng.reporters.JUnitXMLReporter -->
<testsuite hostname="MacBook-Pro.fios-router.home" ignored="4" name="Command line test" tests="61" failures="0" timestamp="26 Mar 2019 22:12:00 GMT" time="511.604" errors="0">
  <testcase name="setOpenPageLogin" time="2.689" classname="TestHomePage.TestAmazonHomePageSignin"/>
  <testcase name="setopenlogin" time="0.465" classname="TestHomePage.TestAmazonHomePageSignin"/>
  <testcase name="getBabyFashion" time="3.595" classname="TestHomePage.TestAmazonCategories"/>
  <testcase name="getBusinessServices" time="2.703" classname="TestHomePage.TestAmazonCategories"/>
  <testcase name="getClothingShoes" time="2.318" classname="TestHomePage.TestAmazonCategories"/>
  <testcase name="getComputers" time="2.967" classname="TestHomePage.TestAmazonCategories"/>
  <testcase name="getCourses" time="3.266" classname="TestHomePage.TestAmazonCategories"/>
  <testcase name="getCredit" time="1.89" classname="TestHomePage.TestAmazonCategories"/>
  <testcase name="getDigitalMusic" time="1.733" classname="TestHomePage.TestAmazonCategories"/>
  <testcase name="getElectronics" time="2.826" classname="TestHomePage.TestAmazonCategories"/>
  <testcase name="getGarden" time="2.596" classname="TestHomePage.TestAmazonCategories"/>
  <testcase name="getGiftCard" time="2.032" classname="TestHomePage.TestAmazonCategories"/>
  <testcase name="getGrocery" time="3.093" classname="TestHomePage.TestAmazonCategories"/>
  <testcase name="getHandmade" time="2.037" classname="TestHomePage.TestAmazonCategories"/>
  <testcase name="getHealth" time="2.331" classname="TestHomePage.TestAmazonCategories"/>
  <testcase name="getHomeAndKitchen" time="2.428" classname="TestHomePage.TestAmazonCategories"/>
  <testcase name="getHouseholdandCare" time="2.495" classname="TestHomePage.TestAmazonCategories"/>
  <testcase name="getIndustrialAndScientific" time="2.321" classname="TestHomePage.TestAmazonCategories"/>
  <testcase name="getKindle" time="3.809" classname="TestHomePage.TestAmazonCategories"/>
  <testcase name="getKindleStore" time="2.864" classname="TestHomePage.TestAmazonCategories"/>
  <testcase name="getLuggageAndTravel" time="2.865" classname="TestHomePage.TestAmazonCategories"/>
  <testcase name="getLuxuryBeauty" time="1.545" classname="TestHomePage.TestAmazonCategories"/>
  <testcase name="getMagazineSubscriptions" time="1.981" classname="TestHomePage.TestAmazonCategories"/>
  <testcase name="getMovies" time="2.999" classname="TestHomePage.TestAmazonCategories"/>
  <testcase name="getMoviesAndTv" time="2.19" classname="TestHomePage.TestAmazonCategories"/>
  <testcase name="getMusicalInstruments" time="3.593" classname="TestHomePage.TestAmazonCategories"/>
  <testcase name="getOfficeProducts" time="2.726" classname="TestHomePage.TestAmazonCategories"/>
  <testcase name="getPetSupplies" time="3.12" classname="TestHomePage.TestAmazonCategories"/>
  <testcase name="getPrimeExclusiveSavings" time="2.765" classname="TestHomePage.TestAmazonCategories"/>
  <testcase name="getPrimePantry" time="2.235" classname="TestHomePage.TestAmazonCategories"/>
  <testcase name="getPrimeVideo" time="2.435" classname="TestHomePage.TestAmazonCategories"/>
  <testcase name="getSoftware" time="4.023" classname="TestHomePage.TestAmazonCategories"/>
  <testcase name="getSportsAndOutdoors" time="2.574" classname="TestHomePage.TestAmazonCategories"/>
  <testcase name="getToolsHomeImprovements" time="2.916" classname="TestHomePage.TestAmazonCategories"/>
  <testcase name="getToysAndGames" time="3.866" classname="TestHomePage.TestAmazonCategories"/>
  <testcase name="getVehicles" time="2.106" classname="TestHomePage.TestAmazonCategories"/>
  <testcase name="getVideoGames" time="2.924" classname="TestHomePage.TestAmazonCategories"/>
  <testcase name="getWarehouseDeals" time="1.649" classname="TestHomePage.TestAmazonCategories"/>
  <testcase name="getfineart" time="1.969" classname="TestHomePage.TestAmazonCategories"/>
  <testcase name="getitemsofBoys" time="4.028" classname="TestHomePage.TestAmazonCategories"/>
  <testcase name="getitemsofGirls" time="2.808" classname="TestHomePage.TestAmazonCategories"/>
  <testcase name="getitemsofMen" time="0.131" classname="TestHomePage.TestAmazonCategories"/>
  <testcase name="getitemsofWomen" time="2.895" classname="TestHomePage.TestAmazonCategories"/>
  <testcase name="getArtsAutomotive" time="2.79" classname="TestHomePage.TestAmazonMain"/>
  <testcase name="getAutomotiveParts" time="2.552" classname="TestHomePage.TestAmazonMain"/>
  <testcase name="getBeautyPersonal" time="3.878" classname="TestHomePage.TestAmazonMain"/>
  <testcase name="getBooks" time="2.5" classname="TestHomePage.TestAmazonMain"/>
  <testcase name="getCD" time="2.403" classname="TestHomePage.TestAmazonMain"/>
  <testcase name="getClicktryPrime" time="1.175" classname="TestHomePage.TestAmazonMain"/>
  <testcase name="getDeliverto" time="0.19" classname="TestHomePage.TestAmazonMain"/>
  <testcase name="getSearchbar" time="0.161" classname="TestHomePage.TestAmazonMain"/>
  <testcase name="getSearchitem" time="2.546" classname="TestHomePage.TestAmazonMain"/>
  <testcase name="getSearchitems" time="0.195" classname="TestHomePage.TestAmazonMain"/>
  <testcase name="getamazonFresh" time="2.969" classname="TestHomePage.TestAmazonMain"/>
  <testcase name="getcategorieBaby" time="2.825" classname="TestHomePage.TestAmazonMain"/>
  <testcase name="getcategoryAlexa" time="4.387" classname="TestHomePage.TestAmazonMain"/>
  <testcase name="getcategoryAppliances" time="2.441" classname="TestHomePage.TestAmazonMain"/>
  <testcase name="getcategoryArtCrafts" time="3.801" classname="TestHomePage.TestAmazonMain"/>
  <testcase name="getcategoryGames" time="2.723" classname="TestHomePage.TestAmazonMain"/>
  <testcase name="getselectgridSelectPrime" time="1.096" classname="TestHomePage.TestAmazonMain"/>
  <testcase name="getshowAlexaSkills" time="0.509" classname="TestHomePage.TestAmazonMain"/>
  <testcase name="@BeforeSuite extentSetup" time="0.0" classname="Base.CommonAPI">
    <ignored/>
  </testcase> <!-- @BeforeSuite extentSetup -->
  <testcase name="@BeforeSuite extentSetup" time="0.0" classname="Base.CommonAPI">
    <ignored/>
  </testcase> <!-- @BeforeSuite extentSetup -->
  <testcase name="@AfterSuite generateReport" time="0.0" classname="Base.CommonAPI">
    <ignored/>
  </testcase> <!-- @AfterSuite generateReport -->
  <testcase name="@AfterSuite generateReport" time="0.0" classname="Base.CommonAPI">
    <ignored/>
  </testcase> <!-- @AfterSuite generateReport -->
</testsuite> <!-- Command line test -->
