<?xml version="1.0" encoding="UTF-8"?>
<testsuite xmlns:xsi="http://www.w3.org/2001/XMLSchema-instance" xsi:noNamespaceSchemaLocation="https://maven.apache.org/surefire/maven-surefire-plugin/xsd/surefire-test-report-3.0.xsd" version="3.0" name="TestSuite" time="0.741" tests="127" errors="0" skipped="126" failures="1">
  <properties>
[...]
</properties>
  <testcase name="setUp" classname="testNYPpages.testMainPage" time="0.531">
    <failure message="The path to the driver executable must be set by the webdriver.chrome.driver system property; for more information, see https://github.com/SeleniumHQ/selenium/wiki/ChromeDriver. The latest version can be downloaded from http://chromedriver.storage.googleapis.com/index.html" type="java.lang.IllegalStateException">java.lang.IllegalStateException: The path to the driver executable must be set by the webdriver.chrome.driver system property; for more information, see https://github.com/SeleniumHQ/selenium/wiki/ChromeDriver. The latest version can be downloaded from http://chromedriver.storage.googleapis.com/index.html
</failure>
    <system-out><![CDATA[Extent Report Directory/Users/preethikokila/ComWebAutomationGroup7/NYPresbyterian/target/surefire-reports/html
]]></system-out>
    <system-err><![CDATA[Mar 29, 2019 11:37:26 PM com.relevantcodes.extentreports.ExtentReports loadConfig
WARNING: Unable to perform report configuration. The file /Users/preethikokila/ComWebAutomationGroup7/NYPresbyterian/report-config.xml was not found.
]]></system-err>
  </testcase>
  <testcase name="setUp" classname="testNYPpages.testMainPage" time="0">
    <skipped/>
  </testcase>
  <testcase name="setUp" classname="testNYPpages.testMainPage" time="0">
    <skipped/>
  </testcase>
  <testcase name="setUp" classname="testNYPpages.testMainPage" time="0">
    <skipped/>
  </testcase>
  <testcase name="setUp" classname="testNYPpages.testMainPage" time="0">
    <skipped/>
  </testcase>
  <testcase name="setUp" classname="testNYPpages.testMainPage" time="0">
    <skipped/>
  </testcase>
  <testcase name="setUp" classname="testNYPpages.testMainPage" time="0">
    <skipped/>
  </testcase>
  <testcase name="setUp" classname="testNYPpages.testMainPage" time="0">
    <skipped/>
  </testcase>
  <testcase name="setUp" classname="testNYPpages.testMainPage" time="0">
    <skipped/>
  </testcase>
  <testcase name="setUp" classname="testNYPpages.testMainPage" time="0">
    <skipped/>
  </testcase>
  <testcase name="setUp" classname="testNYPpages.testMainPage" time="0">
    <skipped/>
  </testcase>
  <testcase name="setUp" classname="testNYPpages.testMainPage" time="0">
    <skipped/>
  </testcase>
  <testcase name="setUp" classname="testNYPpages.testMainPage" time="0">
    <skipped/>
  </testcase>
  <testcase name="setUp" classname="testNYPpages.testMainPage" time="0">
    <skipped/>
  </testcase>
  <testcase name="setUp" classname="testNYPpages.testMainPage" time="0">
    <skipped/>
  </testcase>
  <testcase name="setUp" classname="testNYPpages.testMainPage" time="0">
    <skipped/>
  </testcase>
  <testcase name="setUp" classname="testNYPpages.testMainPage" time="0">
    <skipped/>
  </testcase>
  <testcase name="setUp" classname="testNYPpages.testMainPage" time="0">
    <skipped/>
  </testcase>
  <testcase name="setUp" classname="testNYPpages.testMainPage" time="0">
    <skipped/>
  </testcase>
  <testcase name="setUp" classname="testNYPpages.testMainPage" time="0">
    <skipped/>
  </testcase>
  <testcase name="setUp" classname="testNYPpages.testMainPage" time="0">
    <skipped/>
  </testcase>
  <testcase name="startExtent" classname="testNYPpages.testMainPage" time="0">
    <skipped/>
  </testcase>
  <testcase name="startExtent" classname="testNYPpages.testMainPage" time="0">
    <skipped/>
  </testcase>
  <testcase name="startExtent" classname="testNYPpages.testMainPage" time="0">
    <skipped/>
  </testcase>
  <testcase name="startExtent" classname="testNYPpages.testMainPage" time="0">
    <skipped/>
  </testcase>
  <testcase name="startExtent" classname="testNYPpages.testMainPage" time="0">
    <skipped/>
  </testcase>
  <testcase name="startExtent" classname="testNYPpages.testMainPage" time="0">
    <skipped/>
  </testcase>
  <testcase name="startExtent" classname="testNYPpages.testMainPage" time="0">
    <skipped/>
  </testcase>
  <testcase name="startExtent" classname="testNYPpages.testMainPage" time="0">
    <skipped/>
  </testcase>
  <testcase name="startExtent" classname="testNYPpages.testMainPage" time="0">
    <skipped/>
  </testcase>
  <testcase name="startExtent" classname="testNYPpages.testMainPage" time="0">
    <skipped/>
  </testcase>
  <testcase name="startExtent" classname="testNYPpages.testMainPage" time="0">
    <skipped/>
  </testcase>
  <testcase name="startExtent" classname="testNYPpages.testMainPage" time="0">
    <skipped/>
  </testcase>
  <testcase name="startExtent" classname="testNYPpages.testMainPage" time="0">
    <skipped/>
  </testcase>
  <testcase name="startExtent" classname="testNYPpages.testMainPage" time="0">
    <skipped/>
  </testcase>
  <testcase name="startExtent" classname="testNYPpages.testMainPage" time="0">
    <skipped/>
  </testcase>
  <testcase name="startExtent" classname="testNYPpages.testMainPage" time="0">
    <skipped/>
  </testcase>
  <testcase name="startExtent" classname="testNYPpages.testMainPage" time="0">
    <skipped/>
  </testcase>
  <testcase name="startExtent" classname="testNYPpages.testMainPage" time="0">
    <skipped/>
  </testcase>
  <testcase name="startExtent" classname="testNYPpages.testMainPage" time="0">
    <skipped/>
  </testcase>
  <testcase name="startExtent" classname="testNYPpages.testMainPage" time="0">
    <skipped/>
  </testcase>
  <testcase name="startExtent" classname="testNYPpages.testMainPage" time="0">
    <skipped/>
  </testcase>
  <testcase name="initialize" classname="testNYPpages.testMainPage" time="0">
    <skipped/>
  </testcase>
  <testcase name="initialize" classname="testNYPpages.testMainPage" time="0">
    <skipped/>
  </testcase>
  <testcase name="initialize" classname="testNYPpages.testMainPage" time="0">
    <skipped/>
  </testcase>
  <testcase name="initialize" classname="testNYPpages.testMainPage" time="0">
    <skipped/>
  </testcase>
  <testcase name="initialize" classname="testNYPpages.testMainPage" time="0">
    <skipped/>
  </testcase>
  <testcase name="initialize" classname="testNYPpages.testMainPage" time="0">
    <skipped/>
  </testcase>
  <testcase name="initialize" classname="testNYPpages.testMainPage" time="0">
    <skipped/>
  </testcase>
  <testcase name="initialize" classname="testNYPpages.testMainPage" time="0">
    <skipped/>
  </testcase>
  <testcase name="initialize" classname="testNYPpages.testMainPage" time="0">
    <skipped/>
  </testcase>
  <testcase name="initialize" classname="testNYPpages.testMainPage" time="0">
    <skipped/>
  </testcase>
  <testcase name="initialize" classname="testNYPpages.testMainPage" time="0">
    <skipped/>
  </testcase>
  <testcase name="initialize" classname="testNYPpages.testMainPage" time="0">
    <skipped/>
  </testcase>
  <testcase name="initialize" classname="testNYPpages.testMainPage" time="0">
    <skipped/>
  </testcase>
  <testcase name="initialize" classname="testNYPpages.testMainPage" time="0">
    <skipped/>
  </testcase>
  <testcase name="initialize" classname="testNYPpages.testMainPage" time="0">
    <skipped/>
  </testcase>
  <testcase name="initialize" classname="testNYPpages.testMainPage" time="0">
    <skipped/>
  </testcase>
  <testcase name="initialize" classname="testNYPpages.testMainPage" time="0">
    <skipped/>
  </testcase>
  <testcase name="initialize" classname="testNYPpages.testMainPage" time="0">
    <skipped/>
  </testcase>
  <testcase name="initialize" classname="testNYPpages.testMainPage" time="0">
    <skipped/>
  </testcase>
  <testcase name="initialize" classname="testNYPpages.testMainPage" time="0">
    <skipped/>
  </testcase>
  <testcase name="initialize" classname="testNYPpages.testMainPage" time="0">
    <skipped/>
  </testcase>
  <testcase name="AboutUs" classname="testNYPpages.testMainPage" time="0">
    <skipped message="The path to the driver executable must be set by the webdriver.chrome.driver system property; for more information, see https://github.com/SeleniumHQ/selenium/wiki/ChromeDriver. The latest version can be downloaded from http://chromedriver.storage.googleapis.com/index.html"/>
  </testcase>
  <testcase name="afterEachTestMethod" classname="testNYPpages.testMainPage" time="0">
    <skipped/>
  </testcase>
  <testcase name="afterEachTestMethod" classname="testNYPpages.testMainPage" time="0">
    <skipped/>
  </testcase>
  <testcase name="afterEachTestMethod" classname="testNYPpages.testMainPage" time="0">
    <skipped/>
  </testcase>
  <testcase name="afterEachTestMethod" classname="testNYPpages.testMainPage" time="0">
    <skipped/>
  </testcase>
  <testcase name="afterEachTestMethod" classname="testNYPpages.testMainPage" time="0">
    <skipped/>
  </testcase>
  <testcase name="afterEachTestMethod" classname="testNYPpages.testMainPage" time="0">
    <skipped/>
  </testcase>
  <testcase name="afterEachTestMethod" classname="testNYPpages.testMainPage" time="0">
    <skipped/>
  </testcase>
  <testcase name="afterEachTestMethod" classname="testNYPpages.testMainPage" time="0">
    <skipped/>
  </testcase>
  <testcase name="afterEachTestMethod" classname="testNYPpages.testMainPage" time="0">
    <skipped/>
  </testcase>
  <testcase name="afterEachTestMethod" classname="testNYPpages.testMainPage" time="0">
    <skipped/>
  </testcase>
  <testcase name="afterEachTestMethod" classname="testNYPpages.testMainPage" time="0">
    <skipped/>
  </testcase>
  <testcase name="afterEachTestMethod" classname="testNYPpages.testMainPage" time="0">
    <skipped/>
  </testcase>
  <testcase name="afterEachTestMethod" classname="testNYPpages.testMainPage" time="0">
    <skipped/>
  </testcase>
  <testcase name="afterEachTestMethod" classname="testNYPpages.testMainPage" time="0">
    <skipped/>
  </testcase>
  <testcase name="afterEachTestMethod" classname="testNYPpages.testMainPage" time="0">
    <skipped/>
  </testcase>
  <testcase name="afterEachTestMethod" classname="testNYPpages.testMainPage" time="0">
    <skipped/>
  </testcase>
  <testcase name="afterEachTestMethod" classname="testNYPpages.testMainPage" time="0">
    <skipped/>
  </testcase>
  <testcase name="afterEachTestMethod" classname="testNYPpages.testMainPage" time="0">
    <skipped/>
  </testcase>
  <testcase name="afterEachTestMethod" classname="testNYPpages.testMainPage" time="0">
    <skipped/>
  </testcase>
  <testcase name="afterEachTestMethod" classname="testNYPpages.testMainPage" time="0">
    <skipped/>
  </testcase>
  <testcase name="afterEachTestMethod" classname="testNYPpages.testMainPage" time="0">
    <skipped/>
  </testcase>
  <testcase name="cleanUp" classname="testNYPpages.testMainPage" time="0">
    <skipped/>
  </testcase>
  <testcase name="cleanUp" classname="testNYPpages.testMainPage" time="0">
    <skipped/>
  </testcase>
  <testcase name="cleanUp" classname="testNYPpages.testMainPage" time="0">
    <skipped/>
  </testcase>
  <testcase name="cleanUp" classname="testNYPpages.testMainPage" time="0">
    <skipped/>
  </testcase>
  <testcase name="cleanUp" classname="testNYPpages.testMainPage" time="0">
    <skipped/>
  </testcase>
  <testcase name="cleanUp" classname="testNYPpages.testMainPage" time="0">
    <skipped/>
  </testcase>
  <testcase name="cleanUp" classname="testNYPpages.testMainPage" time="0">
    <skipped/>
  </testcase>
  <testcase name="cleanUp" classname="testNYPpages.testMainPage" time="0">
    <skipped/>
  </testcase>
  <testcase name="cleanUp" classname="testNYPpages.testMainPage" time="0">
    <skipped/>
  </testcase>
  <testcase name="cleanUp" classname="testNYPpages.testMainPage" time="0">
    <skipped/>
  </testcase>
  <testcase name="cleanUp" classname="testNYPpages.testMainPage" time="0">
    <skipped/>
  </testcase>
  <testcase name="cleanUp" classname="testNYPpages.testMainPage" time="0">
    <skipped/>
  </testcase>
  <testcase name="cleanUp" classname="testNYPpages.testMainPage" time="0">
    <skipped/>
  </testcase>
  <testcase name="cleanUp" classname="testNYPpages.testMainPage" time="0">
    <skipped/>
  </testcase>
  <testcase name="cleanUp" classname="testNYPpages.testMainPage" time="0">
    <skipped/>
  </testcase>
  <testcase name="cleanUp" classname="testNYPpages.testMainPage" time="0">
    <skipped/>
  </testcase>
  <testcase name="cleanUp" classname="testNYPpages.testMainPage" time="0">
    <skipped/>
  </testcase>
  <testcase name="cleanUp" classname="testNYPpages.testMainPage" time="0">
    <skipped/>
  </testcase>
  <testcase name="cleanUp" classname="testNYPpages.testMainPage" time="0">
    <skipped/>
  </testcase>
  <testcase name="cleanUp" classname="testNYPpages.testMainPage" time="0">
    <skipped/>
  </testcase>
  <testcase name="cleanUp" classname="testNYPpages.testMainPage" time="0">
    <skipped/>
  </testcase>
  <testcase name="Careers" classname="testNYPpages.testMainPage" time="0">
    <skipped message="The path to the driver executable must be set by the webdriver.chrome.driver system property; for more information, see https://github.com/SeleniumHQ/selenium/wiki/ChromeDriver. The latest version can be downloaded from http://chromedriver.storage.googleapis.com/index.html"/>
  </testcase>
  <testcase name="ClinicalTrials" classname="testNYPpages.testMainPage" time="0">
    <skipped message="The path to the driver executable must be set by the webdriver.chrome.driver system property; for more information, see https://github.com/SeleniumHQ/selenium/wiki/ChromeDriver. The latest version can be downloaded from http://chromedriver.storage.googleapis.com/index.html"/>
  </testcase>
  <testcase name="ContactUs" classname="testNYPpages.testMainPage" time="0">
    <skipped message="The path to the driver executable must be set by the webdriver.chrome.driver system property; for more information, see https://github.com/SeleniumHQ/selenium/wiki/ChromeDriver. The latest version can be downloaded from http://chromedriver.storage.googleapis.com/index.html"/>
  </testcase>
  <testcase name="Employees" classname="testNYPpages.testMainPage" time="0">
    <skipped message="The path to the driver executable must be set by the webdriver.chrome.driver system property; for more information, see https://github.com/SeleniumHQ/selenium/wiki/ChromeDriver. The latest version can be downloaded from http://chromedriver.storage.googleapis.com/index.html"/>
  </testcase>
  <testcase name="FacebookIcon" classname="testNYPpages.testMainPage" time="0">
    <skipped message="The path to the driver executable must be set by the webdriver.chrome.driver system property; for more information, see https://github.com/SeleniumHQ/selenium/wiki/ChromeDriver. The latest version can be downloaded from http://chromedriver.storage.googleapis.com/index.html"/>
  </testcase>
  <testcase name="ForProfessionals" classname="testNYPpages.testMainPage" time="0">
    <skipped message="The path to the driver executable must be set by the webdriver.chrome.driver system property; for more information, see https://github.com/SeleniumHQ/selenium/wiki/ChromeDriver. The latest version can be downloaded from http://chromedriver.storage.googleapis.com/index.html"/>
  </testcase>
  <testcase name="ForVendors" classname="testNYPpages.testMainPage" time="0">
    <skipped message="The path to the driver executable must be set by the webdriver.chrome.driver system property; for more information, see https://github.com/SeleniumHQ/selenium/wiki/ChromeDriver. The latest version can be downloaded from http://chromedriver.storage.googleapis.com/index.html"/>
  </testcase>
  <testcase name="GiveToNYP" classname="testNYPpages.testMainPage" time="0">
    <skipped message="The path to the driver executable must be set by the webdriver.chrome.driver system property; for more information, see https://github.com/SeleniumHQ/selenium/wiki/ChromeDriver. The latest version can be downloaded from http://chromedriver.storage.googleapis.com/index.html"/>
  </testcase>
  <testcase name="GlobalServices" classname="testNYPpages.testMainPage" time="0">
    <skipped message="The path to the driver executable must be set by the webdriver.chrome.driver system property; for more information, see https://github.com/SeleniumHQ/selenium/wiki/ChromeDriver. The latest version can be downloaded from http://chromedriver.storage.googleapis.com/index.html"/>
  </testcase>
  <testcase name="HealthLibrary" classname="testNYPpages.testMainPage" time="0">
    <skipped message="The path to the driver executable must be set by the webdriver.chrome.driver system property; for more information, see https://github.com/SeleniumHQ/selenium/wiki/ChromeDriver. The latest version can be downloaded from http://chromedriver.storage.googleapis.com/index.html"/>
  </testcase>
  <testcase name="InstagramIcon" classname="testNYPpages.testMainPage" time="0">
    <skipped message="The path to the driver executable must be set by the webdriver.chrome.driver system property; for more information, see https://github.com/SeleniumHQ/selenium/wiki/ChromeDriver. The latest version can be downloaded from http://chromedriver.storage.googleapis.com/index.html"/>
  </testcase>
  <testcase name="Locations" classname="testNYPpages.testMainPage" time="0">
    <skipped message="The path to the driver executable must be set by the webdriver.chrome.driver system property; for more information, see https://github.com/SeleniumHQ/selenium/wiki/ChromeDriver. The latest version can be downloaded from http://chromedriver.storage.googleapis.com/index.html"/>
  </testcase>
  <testcase name="NewsRoom" classname="testNYPpages.testMainPage" time="0">
    <skipped message="The path to the driver executable must be set by the webdriver.chrome.driver system property; for more information, see https://github.com/SeleniumHQ/selenium/wiki/ChromeDriver. The latest version can be downloaded from http://chromedriver.storage.googleapis.com/index.html"/>
  </testcase>
  <testcase name="PayMyBill" classname="testNYPpages.testMainPage" time="0">
    <skipped message="The path to the driver executable must be set by the webdriver.chrome.driver system property; for more information, see https://github.com/SeleniumHQ/selenium/wiki/ChromeDriver. The latest version can be downloaded from http://chromedriver.storage.googleapis.com/index.html"/>
  </testcase>
  <testcase name="TestFindADoctor" classname="testNYPpages.testMainPage" time="0">
    <skipped message="The path to the driver executable must be set by the webdriver.chrome.driver system property; for more information, see https://github.com/SeleniumHQ/selenium/wiki/ChromeDriver. The latest version can be downloaded from http://chromedriver.storage.googleapis.com/index.html"/>
  </testcase>
  <testcase name="TestLogo" classname="testNYPpages.testMainPage" time="0">
    <skipped message="The path to the driver executable must be set by the webdriver.chrome.driver system property; for more information, see https://github.com/SeleniumHQ/selenium/wiki/ChromeDriver. The latest version can be downloaded from http://chromedriver.storage.googleapis.com/index.html"/>
  </testcase>
  <testcase name="TestOurServices" classname="testNYPpages.testMainPage" time="0">
    <skipped message="The path to the driver executable must be set by the webdriver.chrome.driver system property; for more information, see https://github.com/SeleniumHQ/selenium/wiki/ChromeDriver. The latest version can be downloaded from http://chromedriver.storage.googleapis.com/index.html"/>
  </testcase>
  <testcase name="TwitterIcon" classname="testNYPpages.testMainPage" time="0">
    <skipped message="The path to the driver executable must be set by the webdriver.chrome.driver system property; for more information, see https://github.com/SeleniumHQ/selenium/wiki/ChromeDriver. The latest version can be downloaded from http://chromedriver.storage.googleapis.com/index.html"/>
  </testcase>
  <testcase name="UrgentCare" classname="testNYPpages.testMainPage" time="0">
    <skipped message="The path to the driver executable must be set by the webdriver.chrome.driver system property; for more information, see https://github.com/SeleniumHQ/selenium/wiki/ChromeDriver. The latest version can be downloaded from http://chromedriver.storage.googleapis.com/index.html"/>
  </testcase>
  <testcase name="Visitors" classname="testNYPpages.testMainPage" time="0">
    <skipped message="The path to the driver executable must be set by the webdriver.chrome.driver system property; for more information, see https://github.com/SeleniumHQ/selenium/wiki/ChromeDriver. The latest version can be downloaded from http://chromedriver.storage.googleapis.com/index.html"/>
  </testcase>
  <testcase name="generateReport" classname="testNYPpages.testMainPage" time="0">
    <skipped/>
  </testcase>
</testsuite>