<?xml version="1.0" encoding="UTF-8"?>
<!-- Generated by org.testng.reporters.JUnitXMLReporter -->
<testsuite hostname="MacBook-Pro.fios-router.home" ignored="0" name="Command line test" tests="18" failures="0" timestamp="26 Mar 2019 19:14:27 GMT" time="100.582" errors="0">
  <testcase name="getArtsAutomotive" time="2.494" classname="TestHomePage.TestAmazonMain"/>
  <testcase name="getAutomotiveParts" time="2.056" classname="TestHomePage.TestAmazonMain"/>
  <testcase name="getBeautyPersonal" time="3.181" classname="TestHomePage.TestAmazonMain"/>
  <testcase name="getBooks" time="2.655" classname="TestHomePage.TestAmazonMain"/>
  <testcase name="getCD" time="2.052" classname="TestHomePage.TestAmazonMain"/>
  <testcase name="getClicktryPrime" time="0.964" classname="TestHomePage.TestAmazonMain"/>
  <testcase name="getDeliverto" time="0.132" classname="TestHomePage.TestAmazonMain"/>
  <testcase name="getSearchbar" time="0.508" classname="TestHomePage.TestAmazonMain"/>
  <testcase name="getSearchitem" time="1.456" classname="TestHomePage.TestAmazonMain"/>
  <testcase name="getSearchitems" time="0.374" classname="TestHomePage.TestAmazonMain"/>
  <testcase name="getamazonFresh" time="3.086" classname="TestHomePage.TestAmazonMain"/>
  <testcase name="getcategorieBaby" time="2.906" classname="TestHomePage.TestAmazonMain"/>
  <testcase name="getcategoryAlexa" time="3.724" classname="TestHomePage.TestAmazonMain"/>
  <testcase name="getcategoryAppliances" time="2.334" classname="TestHomePage.TestAmazonMain"/>
  <testcase name="getcategoryArtCrafts" time="3.288" classname="TestHomePage.TestAmazonMain"/>
  <testcase name="getcategoryGames" time="2.249" classname="TestHomePage.TestAmazonMain"/>
  <testcase name="getselectgridSelectPrime" time="1.008" classname="TestHomePage.TestAmazonMain"/>
  <testcase name="getshowAlexaSkills" time="0.553" classname="TestHomePage.TestAmazonMain"/>
</testsuite> <!-- Command line test -->
